 Reserving general partition A  with:   14.0 Mwords (default)
 Reserving neutron partition B1 with:    4.0 Mwords (default)
 Reserving gamma   partition B2 with:    4.0 Mwords (default)
 Total allocation                   :   18.0 Mwords (A+B1)
 CASMO library identified as E6 0200 UPDATE D
 __________________________________________________________________________________________
 * C A S M O - 4E 1.00.02 REV:00 CREATED:2012/05/08 STUDSVIK * EXECUTED 2021/12/03 20:32:37

 This source code includes the following optional modules:
      1 - CASMO-4E (CASMO-4 Extended Version).
      2 - MxN extended multi-assembly module present.
      3 - Hexagonal module present.
      4 - CLU/AGR module present.
      5 - PSC Tiff/PostScript capability active.
      6 - Azimuthal depletion model present.
      7 - FSS/FSC model present.
      8 - Extra cards present.
      9 - Pn higher order scattering model present.
     10 - DIA Rotated water hole model present.
     11 - CCR Extended C.R. model present.

       LIST OF USER FILES
       ******************
 EXECUTABLE FILE               /opt/studsvik/libexec/studsvik/casmo4e/casmo4e-u1.00.02/casmo4e.exe
 NEUTRON DATA LIBRARY FILE     /opt/studsvik/lib/studsvik/casmo4e/e60200
 GAMMA DATA LIBRARY FILE       /opt/studsvik/lib/studsvik/casmo4e/galb418
 INPUT FILE                    pwr.example.inp
 OUTPUT LIST FILE              ./pwr.example.out
 CARD IMAGE FILE (SEG1)        ./pwr.example.cax
 
 [WARNING] IN SCANIN              Input card STA is missing before END card  -  STA card added.
 [WARNING] IN INP_PIN             COO in a non-fuel pin detected -MOD is recommended for pin # 2
 [WARNING] IN INP_PIN             COO in a non-fuel pin detected -MOD is recommended for pin # 3
 [WARNING] IN INP_MIX             ID=718 detected for SPA material but Zirc default [ 7.0000E-06] for thermal expansion coeff. (C) used.
 [WARNING] IN EDTFTD              Non-default neutron data library is attached.

   ** C A S M O - 4E SUMMARY **

   GENERIC PWR MODEL - FUEL PWRU400G16 BASE AND BRANCHES
   HVOI=  0.0 HTFU=  830.5 HTMO=  579.5 HTCO=  579.5 HBOR=  600.0
   NO VOID    TFU    TMO    TCO    BOR ROD   BURNUP   K-INF   K-INF     M2     PIN   U-235 FISS PU  TOT PU
                                             MWD/KG             TWO-GROUP     PEAK    WT %    WT %    WT %
    1  0.0  830.5  579.5  579.5  600.0        0.000 1.13555 1.13516  59.71   1.134   3.916   0.000   0.000  
    2                                         0.100 1.10351 1.10334  59.26   1.131   3.904   0.002   0.002  
    3                                         0.500 1.09891 1.09877  59.19   1.128   3.856   0.021   0.021  
    4                                         1.000 1.09816 1.09802  59.18   1.125   3.798   0.048   0.049  
    5                                         1.500 1.09852 1.09838  59.18   1.122   3.741   0.074   0.076  
    6                                         2.000 1.09885 1.09872  59.19   1.119   3.685   0.099   0.102  
    7                                         2.500 1.09904 1.09891  59.20   1.116   3.630   0.123   0.128  
    8                                         3.000 1.09915 1.09901  59.21   1.113   3.575   0.145   0.152  
    9                                         3.500 1.09923 1.09909  59.22   1.110   3.522   0.167   0.177  
   10                                         4.000 1.09930 1.09917  59.23   1.107   3.470   0.188   0.200  
   11                                         4.500 1.09942 1.09928  59.24   1.104   3.418   0.208   0.223  
   12                                         5.000 1.09960 1.09947  59.26   1.100   3.367   0.228   0.245  
   13                                         5.500 1.09990 1.09977  59.28   1.097   3.317   0.246   0.267  
   14                                         6.000 1.10033 1.10019  59.30   1.094   3.268   0.264   0.288  
   15                                         6.500 1.10090 1.10076  59.32   1.091   3.219   0.282   0.309  
   16                                         7.000 1.10164 1.10149  59.35   1.089   3.171   0.299   0.329  
   17                                         7.500 1.10255 1.10240  59.38   1.086   3.123   0.315   0.349  
   18                                         8.000 1.10365 1.10349  59.42   1.083   3.077   0.331   0.368  
   19                                         8.500 1.10497 1.10480  59.46   1.080   3.031   0.346   0.386  
   20                                         9.000 1.10652 1.10634  59.50   1.077   2.985   0.360   0.405  
   21                                         9.500 1.10830 1.10811  59.55   1.074   2.940   0.374   0.422  
   22                                        10.000 1.11023 1.11001  59.60   1.070   2.896   0.388   0.440  
   23                                        10.500 1.11214 1.11192  59.65   1.067   2.852   0.401   0.457  
   24                                        11.000 1.11377 1.11352  59.70   1.064   2.809   0.414   0.473  
   25                                        11.500 1.11482 1.11456  59.74   1.061   2.766   0.426   0.490  
   26                                        12.000 1.11513 1.11486  59.76   1.059   2.724   0.438   0.505  
   27                                        12.500 1.11460 1.11433  59.78   1.057   2.682   0.449   0.521  
   28                                        13.000 1.11315 1.11288  59.78   1.055   2.641   0.460   0.536  
   29                                        13.500 1.11078 1.11052  59.77   1.055   2.600   0.471   0.551  
   30                                        14.000 1.10768 1.10744  59.75   1.055   2.560   0.481   0.565  
   31                                        14.500 1.10407 1.10384  59.72   1.055   2.520   0.491   0.579  
   32                                        15.000 1.10016 1.09995  59.68   1.054   2.481   0.501   0.594  
   33                                        17.500 1.07949 1.07937  59.50   1.052   2.291   0.546   0.660  
   34                                        20.000 1.05921 1.05915  59.33   1.049   2.113   0.585   0.721  
   35                                        22.500 1.03970 1.03968  59.17   1.047   1.944   0.620   0.778  
   36                                        25.000 1.02085 1.02085  59.02   1.044   1.786   0.649   0.830  
   37                                        27.500 1.00256 1.00256  58.88   1.042   1.637   0.675   0.878  
   38                                        30.000 0.98476 0.98475  58.75   1.039   1.497   0.697   0.922  
   39                                        32.500 0.96748 0.96744  58.63   1.037   1.367   0.715   0.963  
   40                                        35.000 0.95067 0.95060  58.51   1.035   1.244   0.730   1.001  
   41                                        37.500 0.93430 0.93419  58.40   1.032   1.130   0.743   1.036  
   42                                        40.000 0.91845 0.91828  58.30   1.031   1.023   0.753   1.068  
   43                                        42.500 0.90315 0.90292  58.20   1.029   0.925   0.761   1.098  
   44                                        45.000 0.88839 0.88809  58.11   1.028   0.833   0.768   1.126  
   45                                        47.500 0.87419 0.87380  58.02   1.026   0.749   0.773   1.151  
   46                                        50.000 0.86056 0.86009  57.94   1.025   0.671   0.776   1.175  
   47                                        52.500 0.84752 0.84696  57.86   1.024   0.600   0.779   1.197  
   48                                        55.000 0.83509 0.83444  57.79   1.023   0.535   0.780   1.218  
   49                                        57.500 0.82329 0.82256  57.73   1.023   0.476   0.781   1.238  
   50                                        60.000 0.81215 0.81132  57.67   1.023   0.423   0.781   1.256  


 RUN TERMINATED.  5  WARNING(S) ENCOUNTERED
   0  FATAL ERROR(S),     5  WARNING(S)
   0  USAGE NOTE(S),      0  CAUTION(S)


                   Neutron Calculation                         
 Memory Use        Allocated       Used                         
 A Array            14000000    3847824
 B Array             4000000     130121
                    --------    -------
 Total Words        18000000    3977945
 Total Mwords           18.0        4.0
 Total Mbytes           72.0       15.9

 Run Started     (Date,Time):  2021/12/03   20:32:37  
 Run Completed   (Date,Time):  2021/12/03   20:33:22  
 Total Wall Time Used       :               00:00:45
 Total CPU  Time Used       :               00:00:40   CPU Utilization:   88%
 Files:
 Input                      :  pwr.example.inp
 Output                     :  ./pwr.example.out
 Card Image                 :  ./pwr.example.cax
 *********************************
 *  CASMO-4E NORMAL TERMINATION  *
 *     -WARNINGS ENCOUNTERED-    *
 *********************************
C-4E Complete....
