 Reserving general partition A  with:   14.0 Mwords (default)
 Reserving neutron partition B1 with:    4.0 Mwords (default)
 Reserving gamma   partition B2 with:    4.0 Mwords (default)
 Total allocation                   :   18.0 Mwords (A+B1)
 CASMO library identified as E6 0200 UPDATE D
 __________________________________________________________________________________________
 * C A S M O - 4E 1.00.02 REV:00 CREATED:2012/05/08 STUDSVIK * EXECUTED 2021/12/03 19:49:59

 This source code includes the following optional modules:
      1 - CASMO-4E (CASMO-4 Extended Version).
      2 - MxN extended multi-assembly module present.
      3 - Hexagonal module present.
      4 - CLU/AGR module present.
      5 - PSC Tiff/PostScript capability active.
      6 - Azimuthal depletion model present.
      7 - FSS/FSC model present.
      8 - Extra cards present.
      9 - Pn higher order scattering model present.
     10 - DIA Rotated water hole model present.
     11 - CCR Extended C.R. model present.

       LIST OF USER FILES
       ******************
 EXECUTABLE FILE               /opt/studsvik/libexec/studsvik/casmo4e/casmo4e-u1.00.02/casmo4e.exe
 NEUTRON DATA LIBRARY FILE     /opt/studsvik/lib/studsvik/casmo4e/e60200
 GAMMA DATA LIBRARY FILE       /opt/studsvik/lib/studsvik/casmo4e/galb418
 INPUT FILE                    bwr.example.inp
 OUTPUT LIST FILE              ./bwr.example.out
 CARD IMAGE FILE (SEG1)        ./bwr.example.cax
 
 [WARNING] IN SCANIN              Input card STA is missing before END card  -  STA card added.
 [WARNING] IN INP_MIX             ID=750 detected for SPA material but Zirc default [ 7.0000E-06] for thermal expansion coeff. (C) used.
 [WARNING] IN INP_MIX             ID=750 detected for SPA material but Zirc default [ 6.550] for SPA density (D') used.
 [WARNING] IN EDTFTD              Non-default neutron data library is attached.

   ** C A S M O - 4E SUMMARY **

   GENERIC BWR MODEL  - FUEL BWRU296-4G3
   HVOI=  0.0 HTFU=  803.6 HTMO=  560.0 HTCO=  560.0 HBOR=    0.0
   NO VOID    TFU    TMO    TCO    BOR ROD   BURNUP   K-INF   K-INF     M2     PIN   U-235 FISS PU  TOT PU
                                             MWD/KG             TWO-GROUP     PEAK    WT %    WT %    WT %
    1  0.0  803.6  560.0  560.0    0.0        0.000 1.13966 1.13929  61.19   1.123   2.962   0.000   0.000  
    2                                         0.100 1.10840 1.10821  60.74   1.122   2.950   0.002   0.002  
    3                                         0.500 1.10649 1.10632  60.71   1.119   2.903   0.020   0.021  
    4                                         1.000 1.11200 1.11181  60.79   1.113   2.846   0.043   0.044  
    5                                         1.500 1.11993 1.11971  60.92   1.106   2.790   0.065   0.067  
    6                                         2.000 1.12826 1.12801  61.05   1.099   2.735   0.085   0.089  
    7                                         2.500 1.13708 1.13679  61.20   1.092   2.681   0.104   0.110  
    8                                         3.000 1.14696 1.14662  61.36   1.083   2.628   0.122   0.130  
    9                                         3.500 1.15797 1.15755  61.54   1.075   2.576   0.139   0.150  
   10                                         4.000 1.17000 1.16950  61.74   1.066   2.524   0.155   0.168  
   11                                         4.500 1.18252 1.18192  61.95   1.057   2.474   0.169   0.186  
   12                                         5.000 1.19322 1.19252  62.13   1.048   2.424   0.183   0.203  
   13                                         5.500 1.19970 1.19894  62.26   1.042   2.375   0.197   0.219  
   14                                         6.000 1.20163 1.20084  62.31   1.037   2.327   0.209   0.235  
   15                                         6.500 1.19964 1.19885  62.32   1.034   2.280   0.221   0.251  
   16                                         7.000 1.19520 1.19445  62.29   1.033   2.233   0.232   0.266  
   17                                         7.500 1.18959 1.18889  62.25   1.032   2.187   0.243   0.280  
   18                                        10.000 1.15833 1.15784  62.00   1.028   1.966   0.291   0.348  
   19                                        12.500 1.12746 1.12715  61.78   1.031   1.761   0.329   0.408  
   20                                        15.000 1.09713 1.09694  61.59   1.036   1.570   0.360   0.462  
   21                                        17.500 1.06721 1.06712  61.41   1.040   1.392   0.384   0.509  
   22                                        20.000 1.03768 1.03765  61.25   1.044   1.228   0.403   0.552  
   23                                        22.500 1.00856 1.00856  61.09   1.047   1.076   0.417   0.590  
   24                                        25.000 0.97993 0.97992  60.95   1.049   0.936   0.427   0.625  
   25                                        27.500 0.95190 0.95185  60.81   1.050   0.809   0.434   0.657  
   26                                        30.000 0.92466 0.92455  60.68   1.050   0.693   0.439   0.685  
   27                                        32.500 0.89843 0.89823  60.55   1.051   0.589   0.441   0.711  
   28                                        35.000 0.87343 0.87312  60.44   1.051   0.497   0.442   0.735  
   29                                        37.500 0.84989 0.84945  60.33   1.050   0.415   0.442   0.757  
   30                                        40.000 0.82798 0.82740  60.23   1.046   0.344   0.441   0.777  
   31                                        42.500 0.80785 0.80713  60.14   1.041   0.283   0.439   0.796  
   32                                        45.000 0.78961 0.78874  60.06   1.035   0.231   0.437   0.814  
   33                                        47.500 0.77328 0.77227  59.98   1.052   0.187   0.435   0.831  
   34                                        50.000 0.75885 0.75772  59.92   1.068   0.151   0.433   0.847  
   35                                        52.500 0.74624 0.74498  59.86   1.082   0.121   0.431   0.862  
   36                                        55.000 0.73531 0.73394  59.81   1.095   0.096   0.429   0.877  
   37                                        57.500 0.72589 0.72444  59.77   1.106   0.076   0.428   0.891  
   38                                        60.000 0.71782 0.71628  59.73   1.115   0.061   0.427   0.904  


 RUN TERMINATED.  4  WARNING(S) ENCOUNTERED
   0  FATAL ERROR(S),     4  WARNING(S)
   0  USAGE NOTE(S),      0  CAUTION(S)


                   Neutron Calculation                         
 Memory Use        Allocated       Used                         
 A Array            14000000    4325734
 B Array             4000000     216310
                    --------    -------
 Total Words        18000000    4542044
 Total Mwords           18.0        4.5
 Total Mbytes           72.0       18.2

 Run Started     (Date,Time):  2021/12/03   19:49:59  
 Run Completed   (Date,Time):  2021/12/03   19:51:00  
 Total Wall Time Used       :               00:01:01
 Total CPU  Time Used       :               00:00:55   CPU Utilization:   90%
 Files:
 Input                      :  bwr.example.inp
 Output                     :  ./bwr.example.out
 Card Image                 :  ./bwr.example.cax
 *********************************
 *  CASMO-4E NORMAL TERMINATION  *
 *     -WARNINGS ENCOUNTERED-    *
 *********************************
C-4E Complete....
