 Reserving general partition A  with:   14.0 Mwords (default)
 Reserving neutron partition B1 with:    4.0 Mwords (default)
 Reserving gamma   partition B2 with:    4.0 Mwords (default)
 Total allocation                   :   18.0 Mwords (A+B1)
 CASMO library identified as E6 0200 UPDATE D
 __________________________________________________________________________________________
 * C A S M O - 4E 1.00.02 REV:00 CREATED:2012/05/08 STUDSVIK * EXECUTED 2021/12/03 20:24:47

 This source code includes the following optional modules:
      1 - CASMO-4E (CASMO-4 Extended Version).
      2 - MxN extended multi-assembly module present.
      3 - Hexagonal module present.
      4 - CLU/AGR module present.
      5 - PSC Tiff/PostScript capability active.
      6 - Azimuthal depletion model present.
      7 - FSS/FSC model present.
      8 - Extra cards present.
      9 - Pn higher order scattering model present.
     10 - DIA Rotated water hole model present.
     11 - CCR Extended C.R. model present.

       LIST OF USER FILES
       ******************
 EXECUTABLE FILE               /opt/studsvik/libexec/studsvik/casmo4e/casmo4e-u1.00.02/casmo4e.exe
 NEUTRON DATA LIBRARY FILE     /opt/studsvik/lib/studsvik/casmo4e/e60200
 GAMMA DATA LIBRARY FILE       /opt/studsvik/lib/studsvik/casmo4e/galb418
 INPUT FILE                    pwr.example.inp
 OUTPUT LIST FILE              ./pwr.example.out
 CARD IMAGE FILE (SEG1)        ./pwr.example.cax
 
 [WARNING] IN SCANIN              Input card STA is missing before END card  -  STA card added.
 [WARNING] IN INP_PIN             COO in a non-fuel pin detected -MOD is recommended for pin # 2
 [WARNING] IN INP_PIN             COO in a non-fuel pin detected -MOD is recommended for pin # 3
 [WARNING] IN INP_MIX             ID=718 detected for SPA material but Zirc default [ 7.0000E-06] for thermal expansion coeff. (C) used.
 [WARNING] IN EDTFTD              Non-default neutron data library is attached.

   ** C A S M O - 4E SUMMARY **

   GENERIC PWR MODEL - FUEL PWRU400G16 BASE AND BRANCHES
   HVOI=  0.0 HTFU=  820.5 HTMO=  604.5 HTCO=  604.5 HBOR=  600.0
   NO VOID    TFU    TMO    TCO    BOR ROD   BURNUP   K-INF   K-INF     M2     PIN   U-235 FISS PU  TOT PU
                                             MWD/KG             TWO-GROUP     PEAK    WT %    WT %    WT %
    1  0.0  820.5  604.5  604.5  600.0        0.000 1.12600 1.12569  67.24   1.128   3.916   0.000   0.000  
    2                                         0.100 1.09463 1.09453  66.73   1.125   3.904   0.002   0.002  
    3                                         0.500 1.09035 1.09026  66.66   1.122   3.856   0.022   0.022  
    4                                         1.000 1.08980 1.08972  66.64   1.119   3.798   0.051   0.052  
    5                                         1.500 1.09027 1.09019  66.64   1.116   3.741   0.078   0.080  
    6                                         2.000 1.09067 1.09059  66.65   1.114   3.685   0.104   0.108  
    7                                         2.500 1.09089 1.09081  66.65   1.111   3.631   0.129   0.134  
    8                                         3.000 1.09099 1.09091  66.65   1.108   3.577   0.153   0.160  
    9                                         3.500 1.09102 1.09095  66.66   1.105   3.524   0.176   0.186  
   10                                         4.000 1.09102 1.09095  66.67   1.102   3.472   0.198   0.210  
   11                                         4.500 1.09104 1.09097  66.68   1.099   3.421   0.219   0.234  
   12                                         5.000 1.09111 1.09104  66.69   1.096   3.370   0.239   0.258  
   13                                         5.500 1.09126 1.09118  66.71   1.092   3.321   0.259   0.281  
   14                                         6.000 1.09151 1.09144  66.73   1.090   3.272   0.278   0.303  
   15                                         6.500 1.09189 1.09182  66.75   1.088   3.224   0.297   0.325  
   16                                         7.000 1.09241 1.09233  66.78   1.085   3.177   0.314   0.346  
   17                                         7.500 1.09306 1.09298  66.80   1.082   3.130   0.331   0.367  
   18                                         8.000 1.09388 1.09378  66.84   1.080   3.084   0.348   0.387  
   19                                         8.500 1.09486 1.09476  66.87   1.077   3.038   0.364   0.407  
   20                                         9.000 1.09602 1.09591  66.91   1.074   2.994   0.379   0.426  
   21                                         9.500 1.09734 1.09723  66.96   1.072   2.950   0.394   0.445  
   22                                        10.000 1.09878 1.09865  67.01   1.069   2.906   0.409   0.463  
   23                                        10.500 1.10022 1.10008  67.05   1.066   2.863   0.423   0.481  
   24                                        11.000 1.10146 1.10131  67.10   1.063   2.820   0.436   0.498  
   25                                        11.500 1.10231 1.10214  67.13   1.061   2.778   0.449   0.516  
   26                                        12.000 1.10257 1.10240  67.16   1.058   2.737   0.462   0.532  
   27                                        12.500 1.10217 1.10199  67.18   1.056   2.696   0.474   0.549  
   28                                        13.000 1.10106 1.10088  67.18   1.054   2.656   0.486   0.565  
   29                                        13.500 1.09918 1.09901  67.17   1.053   2.616   0.497   0.580  
   30                                        14.000 1.09661 1.09645  67.15   1.052   2.576   0.508   0.596  
   31                                        14.500 1.09349 1.09334  67.13   1.052   2.537   0.519   0.611  
   32                                        15.000 1.08997 1.08984  67.09   1.052   2.499   0.530   0.626  
   33                                        15.500 1.08620 1.08608  67.05   1.052   2.461   0.540   0.640  
   34                                        17.500 1.07046 1.07039  66.89   1.050   2.314   0.578   0.697  
   35                                        20.000 1.05114 1.05112  66.69   1.048   2.139   0.621   0.762  
   36                                        22.500 1.03255 1.03255  66.50   1.045   1.975   0.659   0.823  
   37                                        25.000 1.01472 1.01472  66.33   1.043   1.821   0.692   0.879  
   38                                        27.500 0.99750 0.99750  66.17   1.041   1.676   0.721   0.931  
   39                                        30.000 0.98090 0.98087  66.02   1.039   1.540   0.746   0.979  
   40                                        32.500 0.96486 0.96480  65.88   1.038   1.413   0.768   1.024  
   41                                        35.000 0.94935 0.94924  65.75   1.036   1.294   0.786   1.065  
   42                                        37.500 0.93436 0.93419  65.62   1.035   1.183   0.802   1.104  
   43                                        40.000 0.91990 0.91967  65.51   1.033   1.079   0.816   1.140  
   44                                        42.500 0.90599 0.90569  65.40   1.032   0.982   0.827   1.173  
   45                                        45.000 0.89261 0.89224  65.29   1.030   0.893   0.837   1.205  
   46                                        47.500 0.87976 0.87930  65.20   1.029   0.810   0.845   1.234  
   47                                        50.000 0.86745 0.86691  65.11   1.028   0.733   0.851   1.261  
   48                                        52.500 0.85569 0.85506  65.03   1.027   0.662   0.856   1.287  
   49                                        55.000 0.84448 0.84375  64.95   1.027   0.597   0.860   1.311  
   50                                        57.500 0.83382 0.83300  64.88   1.026   0.538   0.863   1.333  
   51                                        60.000 0.82370 0.82279  64.81   1.026   0.484   0.866   1.354  


 RUN TERMINATED.  5  WARNING(S) ENCOUNTERED
   0  FATAL ERROR(S),     5  WARNING(S)
   0  USAGE NOTE(S),      0  CAUTION(S)


                   Neutron Calculation                         
 Memory Use        Allocated       Used                         
 A Array            14000000    3847824
 B Array             4000000     130121
                    --------    -------
 Total Words        18000000    3977945
 Total Mwords           18.0        4.0
 Total Mbytes           72.0       15.9

 Run Started     (Date,Time):  2021/12/03   20:24:47  
 Run Completed   (Date,Time):  2021/12/03   20:25:29  
 Total Wall Time Used       :               00:00:42
 Total CPU  Time Used       :               00:00:37   CPU Utilization:   88%
 Files:
 Input                      :  pwr.example.inp
 Output                     :  ./pwr.example.out
 Card Image                 :  ./pwr.example.cax
 *********************************
 *  CASMO-4E NORMAL TERMINATION  *
 *     -WARNINGS ENCOUNTERED-    *
 *********************************
C-4E Complete....
