 Reserving general partition A  with:   14.0 Mwords (default)
 Reserving neutron partition B1 with:    4.0 Mwords (default)
 Reserving gamma   partition B2 with:    4.0 Mwords (default)
 Total allocation                   :   18.0 Mwords (A+B1)
 CASMO library identified as E6 0200 UPDATE D
 __________________________________________________________________________________________
 * C A S M O - 4E 1.00.02 REV:00 CREATED:2012/05/08 STUDSVIK * EXECUTED 2021/12/01 19:45:42

 This source code includes the following optional modules:
      1 - CASMO-4E (CASMO-4 Extended Version).
      2 - MxN extended multi-assembly module present.
      3 - Hexagonal module present.
      4 - CLU/AGR module present.
      5 - PSC Tiff/PostScript capability active.
      6 - Azimuthal depletion model present.
      7 - FSS/FSC model present.
      8 - Extra cards present.
      9 - Pn higher order scattering model present.
     10 - DIA Rotated water hole model present.
     11 - CCR Extended C.R. model present.

       LIST OF USER FILES
       ******************
 EXECUTABLE FILE               /opt/studsvik/libexec/studsvik/casmo4e/casmo4e-u1.00.02/casmo4e.exe
 NEUTRON DATA LIBRARY FILE     /opt/studsvik/lib/studsvik/casmo4e/e60200
 GAMMA DATA LIBRARY FILE       /opt/studsvik/lib/studsvik/casmo4e/galb418
 INPUT FILE                    pwr_ref.inp
 OUTPUT LIST FILE              ./pwr_ref.out
 CARD IMAGE FILE (SEG1)        ./pwr_ref.cax
 
 [WARNING] IN CHKDUP              Duplicated input: ---Check input card:HO1
 [WARNING] IN CHKDUP              Duplicated input: ---Check input card:HO2
 [WARNING] IN CHKDUP              Duplicated input: ---Check input card:HO3
 [WARNING] IN INP_PIN             COO in a non-fuel pin detected -MOD is recommended for pin # 2
 [WARNING] IN INP_PIN             COO in a non-fuel pin detected -MOD is recommended for pin # 3
 [WARNING] IN INP_MIX             ID=718 detected for SPA material but Zirc default [ 7.0000E-06] for thermal expansion coeff. (C) used.
 [WARNING] IN EDTFTD              Non-default neutron data library is attached.
 [WARNING] IN INP_REF             Check card: *REF*. PWR TOP reflector 1st layer should use both COO and MOD.
                                  -COO for coolant, and MOD inside instrument and guide tubes.
 [USAGE NOTE] IN ROUNDER          TMO initial value: 617.615 rounded to: 617.600 difference= -0.015
 19:49:47 Executing statepoint No. 00018 ( 4.4 S.P./min )
 19:53:51 Executing statepoint No. 00035 ( 4.3 S.P./min )
 [WARNING] IN INP_REF             Check card: *REF*. Radial reflectors should use MOD not COO.
 19:57:56 Executing statepoint No. 00052 ( 4.3 S.P./min )
 20:02:00 Executing statepoint No. 00068 ( 4.2 S.P./min )
 20:06:09 Executing statepoint No. 00083 ( 4.1 S.P./min )
 [WARNING] IN INP_REF             Check card: *REF*. PWR BOT reflector 1st layer should use both COO and MOD.
                                  -COO for coolant, and MOD inside instrument and guide tubes.
 [WARNING] IN INP_REF             Check card: *REF*. PWR BOT reflector (layers > 1) should use MOD not COO.
                                  -for all water below bottom of instrument and guide tubes.
 20:10:23 Executing statepoint No. 00100 ( 4.1 S.P./min )
 20:14:27 Executing statepoint No. 00117 ( 4.1 S.P./min )
 20:18:33 Executing statepoint No. 00132 ( 4.0 S.P./min )


 RUN TERMINATED. 12  WARNING(S) ENCOUNTERED
   0  FATAL ERROR(S),    11  WARNING(S)
   1  USAGE NOTE(S),      0  CAUTION(S)


                   Neutron Calculation                         
 Memory Use        Allocated       Used                         
 A Array            14000000   13999893
 B Array             4000000    2067279
                    --------    -------
 Total Words        18000000   16067172
 Total Mwords           18.0       16.1
 Total Mbytes           72.0       64.3

 Run Started     (Date,Time):  2021/12/01   19:45:42  
 Run Completed   (Date,Time):  2021/12/01   20:18:46  
 Total Wall Time Used       :               00:33:04
 Total CPU  Time Used       :               00:32:19   CPU Utilization:   97%
 Files:
 Input                      :  pwr_ref.inp
 Output                     :  ./pwr_ref.out
 Card Image                 :  ./pwr_ref.cax
 *********************************
 *  CASMO-4E NORMAL TERMINATION  *
 *     -WARNINGS ENCOUNTERED-    *
 *********************************
C-4E Complete....
