
  _                   .-=-.           .-=-.          .-==-.       
 { }      __        .' O o '.       .' O o '.       /  -<' )--<   
 { }    .' O'.     / o .-. O \     / o .-. O \     /  .---`       
 { }   / .-. o\   /O  /   \  o\   /O  /   \  o\   /O /            
  \ `-` /   \ O`-'o  /     \  O`-'o  /     \  O`-`o /             
   `-.-`     '.____.'       `._____.'       `.____.'              

Serpent 2 beta

A Continuous-energy Monte Carlo Reactor Physics Burnup Calculation Code

 - Version 2.1.32 (February 24, 2021) -- Contact: serpent@vtt.fi

 - Reference: J. Leppanen, et al. "The Serpent Monte Carlo code: Status,
              development and applications in 2013." Ann. Nucl. Energy,
              82 (2015) 142-150.

 - Compiled Feb 24 2021 13:50:53

 - MPI Parallel calculation mode available

 - OpenMP Parallel calculation mode available

 - Geometry and mesh plotting available

 - Default data path set to: "/opt/serpent/xsdata"

 - Full command used to run Serpent:

   sss2 -omp 64 nerthus

Begin calculation on Sat Mar 19 23:39:28 2022 at node68

Reading input file "nerthus"...

Checking duplicate input definitions...
OK.

Dividing burnable materials...
OK.

Creating geometry...
OK.

Counting geometry zones...

The geometry consists of 3 levels:

Level 0 size: max 18 zones
Level 1 size: max 289 zones
Level 2 size: max 8 zones

Processing cells...
OK.

Linking materials to geometry...
OK.

Processing detector definitions...
Allocating RESMAT matrices and associated arrays...
OK.

Counting cells...
OK.

Processing data for group constant generation:

 - 70 energy groups in micro-group structure
 - 2 energy groups in macro-group structure
 - B1 fundamental mode calculation is not run
 - Group constants generated in 1 universes
 - Discontinuity factors are not calculated
 - Pin-power distributions are not calculated
 - Albedos are not calculated
 - Poison cross sections are not calculated

Reading ACE directory files...
OK.

Reading radioactive decay data files...
OK.

Reading neutron-induced fission yields...
OK.

Adding nuclides in material fuelsalt...

Nuclide   3006.09c -- lithium 6 at 900K (Li-6)
Nuclide   3007.09c -- lithium 7 at 900K (Li-7)
Nuclide   4009.09c -- beryllium 9 at 900K (Be-9)
Nuclide   9019.09c -- fluorine 19 at 900K (F-19)
Nuclide  92234.09c -- uranium 234 at 900K (U-234)
Nuclide  92235.09c -- uranium 235 at 900K (U-235)
Nuclide  92236.09c -- uranium 236 at 900K (U-236)
Nuclide  92238.09c -- uranium 238 at 900K (U-238)
Nuclide   2004.09c -- helium 4 at 900K (He-4)

Adding nuclides in material refuelsalt...

Adding nuclides in material offgas...

Adding nuclides in material overflow...

Adding nuclides in material sus316_stainless_steel...

Nuclide   6000.09c -- natural carbon at 900K (C-nat)
Nuclide   7014.09c -- nitrogen 14 at 900K (N-14)
Nuclide  14000.09c -- natural silicon at 900K (Si-nat)
Nuclide  15031.09c -- phosphorus 31 at 900K (P-31)
Nuclide  16000.09c -- natural sulfur at 900K (S-nat)
Nuclide  24000.09c -- natural chromium at 900K (Cr-nat)
Nuclide  25055.09c -- manganese 55 at 900K (Mn-55)
Nuclide  26000.09c -- natural iron at 900K (Fe-nat)
Nuclide  28000.09c -- natural nickel at 900K (Ni-nat)
Nuclide  42000.09c -- natural molybdenum at 900K (Mo-nat)

Adding nuclides in material B4C_shield...

Nuclide   5010.09c -- boron 10 at 900K (B-10)
Nuclide   5011.09c -- boron 11 at 900K (B-11)

Adding nuclides in material graphite...

Nuclide   6000.09c -- natural carbon at 900K (C-nat)
Nuclide   5010.09c -- boron 10 at 900K (B-10)
Nuclide   5011.09c -- boron 11 at 900K (B-11)

Adding activation products...

Nuclide   1001.09c -- hydrogen at 900K (H-1)
Nuclide   1002.09c -- deuterium at 900K (H-2)
Nuclide   1003.09c -- tritium at 900K (H-3)
Nuclide   2003.09c -- helium 3 at 900K (He-3)
Nuclide   6012.09c -- carbon 12 at 900K (C-12)
Nuclide   7015.09c -- nitrogen 15 at 900K (N-15)
Nuclide   8016.09c -- oxygen 16 at 900K (O-16)
Nuclide   8017.09c -- oxygen 17 at 900K (O-17)

Adding actinide data...

Nuclide  90227.09c -- thorium 227 at 900K (Th-227)
Nuclide  90228.09c -- thorium 228 at 900K (Th-228)
Nuclide  90229.09c -- thorium 229 at 900K (Th-229)
Nuclide  90230.09c -- thorium 230 at 900K (Th-230)
Nuclide  90232.09c -- thorium 232 at 900K (Th-232)
Nuclide  90233.09c -- thorium 233 at 900K (Th-233)
Nuclide  90234.09c -- thorium 234 at 900K (Th-234)
Nuclide  91231.09c -- protactinium 231 at 900K (Pa-231)
Nuclide  91232.09c -- protactinium 232 at 900K (Pa-232)
Nuclide  91233.09c -- protactinium 233 at 900K (Pa-233)
Nuclide  92232.09c -- uranium 232 at 900K (U-232)
Nuclide  92233.09c -- uranium 233 at 900K (U-233)
Nuclide  92237.09c -- uranium 237 at 900K (U-237)
Nuclide  92239.09c -- uranium 239 at 900K (U-239)
Nuclide  92240.09c -- uranium 240 at 900K (U-240)
Nuclide  92241.09c -- uranium 241 at 900K (U-241)
Nuclide  93235.09c -- neptunium 235 at 900K (Np-235)
Nuclide  93236.09c -- neptunium 236 at 900K (Np-236)
Nuclide  93237.09c -- neptunium 237 at 900K (Np-237)
Nuclide  93238.09c -- neptunium 238 at 900K (Np-238)
Nuclide  93239.09c -- neptunium 239 at 900K (Np-239)
Nuclide  94236.09c -- plutonium 236 at 900K (Pu-236)
Nuclide  94237.09c -- plutonium 237 at 900K (Pu-237)
Nuclide  94238.09c -- plutonium 238 at 900K (Pu-238)
Nuclide  94239.09c -- plutonium 239 at 900K (Pu-239)
Nuclide  94240.09c -- plutonium 240 at 900K (Pu-240)
Nuclide  94241.09c -- plutonium 241 at 900K (Pu-241)
Nuclide  94242.09c -- plutonium 242 at 900K (Pu-242)
Nuclide  94243.09c -- plutonium 243 at 900K (Pu-243)
Nuclide  94244.09c -- plutonium 244 at 900K (Pu-244)
Nuclide  95241.09c -- americium 241 at 900K (Am-241)
Nuclide  95242.09c -- americium 242 at 900K (Am-242)
Nuclide  95342.09c -- americium 242m at 900K (Am-242m)
Nuclide  95243.09c -- americium 243 at 900K (Am-243)
Nuclide  95244.09c -- americium 244 at 900K (Am-244)
Nuclide  95344.09c -- americium 244m at 900K (Am-244m)
Nuclide  96240.09c -- curium 240 at 900K (Cm-240)
Nuclide  96241.09c -- curium 241 at 900K (Cm-241)
Nuclide  96242.09c -- curium 242 at 900K (Cm-242)
Nuclide  96243.09c -- curium 243 at 900K (Cm-243)
Nuclide  96244.09c -- curium 244 at 900K (Cm-244)
Nuclide  96245.09c -- curium 245 at 900K (Cm-245)
Nuclide  96246.09c -- curium 246 at 900K (Cm-246)
Nuclide  96247.09c -- curium 247 at 900K (Cm-247)
Nuclide  96248.09c -- curium 248 at 900K (Cm-248)
Nuclide  96249.09c -- curium 249 at 900K (Cm-249)
Nuclide  96250.09c -- curium 250 at 900K (Cm-250)

Adding fission product data...

Nuclide  31069.09c -- gallium 69 at 900K (Ga-69)
Nuclide  31071.09c -- gallium 71 at 900K (Ga-71)
Nuclide  32070.09c -- germanium 70 at 900K (Ge-70)
Nuclide  32072.09c -- germanium 72 at 900K (Ge-72)
Nuclide  32073.09c -- germanium 73 at 900K (Ge-73)
Nuclide  32074.09c -- germanium 74 at 900K (Ge-74)
Nuclide  32076.09c -- germanium 76 at 900K (Ge-76)
Nuclide  33074.09c -- arsenic 74 at 900K (As-74)
Nuclide  33075.09c -- arsenic 75 at 900K (As-75)
Nuclide  34074.09c -- selenium 74 at 900K (Se-74)
Nuclide  34076.09c -- selenium 76 at 900K (Se-76)
Nuclide  34077.09c -- selenium 77 at 900K (Se-77)
Nuclide  34078.09c -- selenium 78 at 900K (Se-78)
Nuclide  34079.09c -- selenium 79 at 900K (Se-79)
Nuclide  34080.09c -- selenium 80 at 900K (Se-80)
Nuclide  34082.09c -- selenium 82 at 900K (Se-82)
Nuclide  35079.09c -- bromine 79 at 900K (Br-79)
Nuclide  35081.09c -- bromine 81 at 900K (Br-81)
Nuclide  36078.09c -- krypton 78 at 900K (Kr-78)
Nuclide  36080.09c -- krypton 80 at 900K (Kr-80)
Nuclide  36082.09c -- krypton 82 at 900K (Kr-82)
Nuclide  36083.09c -- krypton 83 at 900K (Kr-83)
Nuclide  36084.09c -- krypton 84 at 900K (Kr-84)
Nuclide  36085.09c -- krypton 85 at 900K (Kr-85)
Nuclide  36086.09c -- krypton 86 at 900K (Kr-86)
Nuclide  37085.09c -- rubidium 85 at 900K (Rb-85)
Nuclide  37086.09c -- rubidium 86 at 900K (Rb-86)
Nuclide  37087.09c -- rubidium 87 at 900K (Rb-87)
Nuclide  38084.09c -- strontium 84 at 900K (Sr-84)
Nuclide  38086.09c -- strontium 86 at 900K (Sr-86)
Nuclide  38087.09c -- strontium 87 at 900K (Sr-87)
Nuclide  38088.09c -- strontium 88 at 900K (Sr-88)
Nuclide  38089.09c -- strontium 89 at 900K (Sr-89)
Nuclide  38090.09c -- strontium 90 at 900K (Sr-90)
Nuclide  39089.09c -- yttrium 89 at 900K (Y-89)
Nuclide  39090.09c -- yttrium 90 at 900K (Y-90)
Nuclide  39091.09c -- yttrium 91 at 900K (Y-91)
Nuclide  40090.09c -- zirconium 90 at 900K (Zr-90)
Nuclide  40091.09c -- zirconium 91 at 900K (Zr-91)
Nuclide  40092.09c -- zirconium 92 at 900K (Zr-92)
Nuclide  40093.09c -- zirconium 93 at 900K (Zr-93)
Nuclide  40094.09c -- zirconium 94 at 900K (Zr-94)
Nuclide  40095.09c -- zirconium 95 at 900K (Zr-95)
Nuclide  40096.09c -- zirconium 96 at 900K (Zr-96)
Nuclide  41093.09c -- niobium 93 at 900K (Nb-93)
Nuclide  41094.09c -- niobium 94 at 900K (Nb-94)
Nuclide  41095.09c -- niobium 95 at 900K (Nb-95)
Nuclide  42092.09c -- molybdenum 92 at 900K (Mo-92)
Nuclide  42094.09c -- molybdenum 94 at 900K (Mo-94)
Nuclide  42095.09c -- molybdenum 95 at 900K (Mo-95)
Nuclide  42096.09c -- molybdenum 96 at 900K (Mo-96)
Nuclide  42097.09c -- molybdenum 97 at 900K (Mo-97)
Nuclide  42098.09c -- molybdenum 98 at 900K (Mo-98)
Nuclide  42099.09c -- molybdenum 99 at 900K (Mo-99)
Nuclide  42100.09c -- molybdenum 100 at 900K (Mo-100)
Nuclide  43099.09c -- technetium 99 at 900K (Tc-99)
Nuclide  44096.09c -- ruthenium 96 at 900K (Ru-96)
Nuclide  44098.09c -- ruthenium 98 at 900K (Ru-98)
Nuclide  44099.09c -- ruthenium 99 at 900K (Ru-99)
Nuclide  44100.09c -- ruthenium 100 at 900K (Ru-100)
Nuclide  44101.09c -- ruthenium 101 at 900K (Ru-101)
Nuclide  44102.09c -- ruthenium 102 at 900K (Ru-102)
Nuclide  44103.09c -- ruthenium 103 at 900K (Ru-103)
Nuclide  44104.09c -- ruthenium 104 at 900K (Ru-104)
Nuclide  44105.09c -- ruthenium 105 at 900K (Ru-105)
Nuclide  44106.09c -- ruthenium 106 at 900K (Ru-106)
Nuclide  45103.09c -- rhodium 103 at 900K (Rh-103)
Nuclide  45105.09c -- rhodium 105 at 900K (Rh-105)
Nuclide  46102.09c -- palladium 102 at 900K (Pd-102)
Nuclide  46104.09c -- palladium 104 at 900K (Pd-104)
Nuclide  46105.09c -- palladium 105 at 900K (Pd-105)
Nuclide  46106.09c -- palladium 106 at 900K (Pd-106)
Nuclide  46107.09c -- palladium 107 at 900K (Pd-107)
Nuclide  46108.09c -- palladium 108 at 900K (Pd-108)
Nuclide  46110.09c -- palladium 110 at 900K (Pd-110)
Nuclide  47107.09c -- silver 107 at 900K (Ag-107)
Nuclide  47109.09c -- silver 109 at 900K (Ag-109)
Nuclide  47310.09c -- silver 110m at 900K (Ag-110m)
Nuclide  47111.09c -- silver 111 at 900K (Ag-111)
Nuclide  48106.09c -- cadmium 106 at 900K (Cd-106)
Nuclide  48108.09c -- cadmium 108 at 900K (Cd-108)
Nuclide  48110.09c -- cadmium 110 at 900K (Cd-110)
Nuclide  48111.09c -- cadmium 111 at 900K (Cd-111)
Nuclide  48112.09c -- cadmium 112 at 900K (Cd-112)
Nuclide  48113.09c -- cadmium 113 at 900K (Cd-113)
Nuclide  48114.09c -- cadmium 114 at 900K (Cd-114)
Nuclide  48315.09c -- cadmium 115m at 900K (Cd-115m)
Nuclide  48116.09c -- cadmium 116 at 900K (Cd-116)
Nuclide  49113.09c -- indium 113 at 900K (In-113)
Nuclide  49115.09c -- indium 115 at 900K (In-115)
Nuclide  50112.09c -- tin 112 at 900K (Sn-112)
Nuclide  50113.09c -- tin 113 at 900K (Sn-113)
Nuclide  50114.09c -- tin 114 at 900K (Sn-114)
Nuclide  50115.09c -- tin 115 at 900K (Sn-115)
Nuclide  50116.09c -- tin 116 at 900K (Sn-116)
Nuclide  50117.09c -- tin 117 at 900K (Sn-117)
Nuclide  50118.09c -- tin 118 at 900K (Sn-118)
Nuclide  50119.09c -- tin 119 at 900K (Sn-119)
Nuclide  50120.09c -- tin 120 at 900K (Sn-120)
Nuclide  50122.09c -- tin 122 at 900K (Sn-122)
Nuclide  50123.09c -- tin 123 at 900K (Sn-123)
Nuclide  50124.09c -- tin 124 at 900K (Sn-124)
Nuclide  50125.09c -- tin 125 at 900K (Sn-125)
Nuclide  50126.09c -- tin 126 at 900K (Sn-126)
Nuclide  51121.09c -- antimony 121 at 900K (Sb-121)
Nuclide  51123.09c -- antimony 123 at 900K (Sb-123)
Nuclide  51124.09c -- antimony 124 at 900K (Sb-124)
Nuclide  51125.09c -- antimony 125 at 900K (Sb-125)
Nuclide  51126.09c -- antimony 126 at 900K (Sb-126)
Nuclide  52120.09c -- tellurium 120 at 900K (Te-120)
Nuclide  52122.09c -- tellurium 122 at 900K (Te-122)
Nuclide  52123.09c -- tellurium 123 at 900K (Te-123)
Nuclide  52124.09c -- tellurium 124 at 900K (Te-124)
Nuclide  52125.09c -- tellurium 125 at 900K (Te-125)
Nuclide  52126.09c -- tellurium 126 at 900K (Te-126)
Nuclide  52327.09c -- tellurium 127m at 900K (Te-127m)
Nuclide  52128.09c -- tellurium 128 at 900K (Te-128)
Nuclide  52329.09c -- tellurium 129m at 900K (Te-129m)
Nuclide  52130.09c -- tellurium 130 at 900K (Te-130)
Nuclide  52132.09c -- tellurium 132 at 900K (Te-132)
Nuclide  53127.09c -- iodine 127 at 900K (I-127)
Nuclide  53129.09c -- iodine 129 at 900K (I-129)
Nuclide  53130.09c -- iodine 130 at 900K (I-130)
Nuclide  53131.09c -- iodine 131 at 900K (I-131)
Nuclide  53135.09c -- iodine 135 at 900K (I-135)
Nuclide  54126.09c -- xenon 126 at 900K (Xe-126)
Nuclide  54128.09c -- xenon 128 at 900K (Xe-128)
Nuclide  54129.09c -- xenon 129 at 900K (Xe-129)
Nuclide  54130.09c -- xenon 130 at 900K (Xe-130)
Nuclide  54131.09c -- xenon 131 at 900K (Xe-131)
Nuclide  54132.09c -- xenon 132 at 900K (Xe-132)
Nuclide  54133.09c -- xenon 133 at 900K (Xe-133)
Nuclide  54134.09c -- xenon 134 at 900K (Xe-134)
Nuclide  54135.09c -- xenon 135 at 900K (Xe-135)
Nuclide  54136.09c -- xenon 136 at 900K (Xe-136)
Nuclide  55133.09c -- cesium 133 at 900K (Cs-133)
Nuclide  55134.09c -- cesium 134 at 900K (Cs-134)
Nuclide  55135.09c -- cesium 135 at 900K (Cs-135)
Nuclide  55136.09c -- cesium 136 at 900K (Cs-136)
Nuclide  55137.09c -- cesium 137 at 900K (Cs-137)
Nuclide  56130.09c -- barium 130 at 900K (Ba-130)
Nuclide  56132.09c -- barium 132 at 900K (Ba-132)
Nuclide  56133.09c -- barium 133 at 900K (Ba-133)
Nuclide  56134.09c -- barium 134 at 900K (Ba-134)
Nuclide  56135.09c -- barium 135 at 900K (Ba-135)
Nuclide  56136.09c -- barium 136 at 900K (Ba-136)
Nuclide  56137.09c -- barium 137 at 900K (Ba-137)
Nuclide  56138.09c -- barium 138 at 900K (Ba-138)
Nuclide  56140.09c -- barium 140 at 900K (Ba-140)
Nuclide  57138.09c -- lanthanum 138 at 900K (La-138)
Nuclide  57139.09c -- lanthanum 139 at 900K (La-139)
Nuclide  57140.09c -- lanthanum 140 at 900K (La-140)
Nuclide  58136.09c -- cerium 136 at 900K (Ce-136)
Nuclide  58138.09c -- cerium 138 at 900K (Ce-138)
Nuclide  58139.09c -- cerium 139 at 900K (Ce-139)
Nuclide  58140.09c -- cerium 140 at 900K (Ce-140)
Nuclide  58141.09c -- cerium 141 at 900K (Ce-141)
Nuclide  58142.09c -- cerium 142 at 900K (Ce-142)
Nuclide  58143.09c -- cerium 143 at 900K (Ce-143)
Nuclide  58144.09c -- cerium 144 at 900K (Ce-144)
Nuclide  59141.09c -- praseodymium 141 at 900K (Pr-141)
Nuclide  59142.09c -- praseodymium 142 at 900K (Pr-142)
Nuclide  59143.09c -- praseodymium 143 at 900K (Pr-143)
Nuclide  60142.09c -- neodymium 142 at 900K (Nd-142)
Nuclide  60143.09c -- neodymium 143 at 900K (Nd-143)
Nuclide  60144.09c -- neodymium 144 at 900K (Nd-144)
Nuclide  60145.09c -- neodymium 145 at 900K (Nd-145)
Nuclide  60146.09c -- neodymium 146 at 900K (Nd-146)
Nuclide  60147.09c -- neodymium 147 at 900K (Nd-147)
Nuclide  60148.09c -- neodymium 148 at 900K (Nd-148)
Nuclide  60150.09c -- neodymium 150 at 900K (Nd-150)
Nuclide  61147.09c -- promethium 147 at 900K (Pm-147)
Nuclide  61148.09c -- promethium 148 at 900K (Pm-148)
Nuclide  61348.09c -- promethium 148m at 900K (Pm-148m)
Nuclide  61149.09c -- promethium 149 at 900K (Pm-149)
Nuclide  61151.09c -- promethium 151 at 900K (Pm-151)
Nuclide  62144.09c -- samarium 144 at 900K (Sm-144)
Nuclide  62147.09c -- samarium 147 at 900K (Sm-147)
Nuclide  62148.09c -- samarium 148 at 900K (Sm-148)
Nuclide  62149.09c -- samarium 149 at 900K (Sm-149)
Nuclide  62150.09c -- samarium 150 at 900K (Sm-150)
Nuclide  62151.09c -- samarium 151 at 900K (Sm-151)
Nuclide  62152.09c -- samarium 152 at 900K (Sm-152)
Nuclide  62153.09c -- samarium 153 at 900K (Sm-153)
Nuclide  62154.09c -- samarium 154 at 900K (Sm-154)
Nuclide  63151.09c -- europium 151 at 900K (Eu-151)
Nuclide  63152.09c -- europium 152 at 900K (Eu-152)
Nuclide  63153.09c -- europium 153 at 900K (Eu-153)
Nuclide  63154.09c -- europium 154 at 900K (Eu-154)
Nuclide  63155.09c -- europium 155 at 900K (Eu-155)
Nuclide  63156.09c -- europium 156 at 900K (Eu-156)
Nuclide  63157.09c -- europium 157 at 900K (Eu-157)
Nuclide  64152.09c -- gadolinium 152 at 900K (Gd-152)
Nuclide  64153.09c -- gadolinium 153 at 900K (Gd-153)
Nuclide  64154.09c -- gadolinium 154 at 900K (Gd-154)
Nuclide  64155.09c -- gadolinium 155 at 900K (Gd-155)
Nuclide  64156.09c -- gadolinium 156 at 900K (Gd-156)
Nuclide  64157.09c -- gadolinium 157 at 900K (Gd-157)
Nuclide  64158.09c -- gadolinium 158 at 900K (Gd-158)
Nuclide  64160.09c -- gadolinium 160 at 900K (Gd-160)
Nuclide  65159.09c -- terbium 159 at 900K (Tb-159)
Nuclide  65160.09c -- terbium 160 at 900K (Tb-160)
Nuclide  66156.09c -- dysprosium 156 at 900K (Dy-156)
Nuclide  66158.09c -- dysprosium 158 at 900K (Dy-158)
Nuclide  66160.09c -- dysprosium 160 at 900K (Dy-160)
Nuclide  66161.09c -- dysprosium 161 at 900K (Dy-161)
Nuclide  66162.09c -- dysprosium 162 at 900K (Dy-162)
Nuclide  66163.09c -- dysprosium 163 at 900K (Dy-163)
Nuclide  66164.09c -- dysprosium 164 at 900K (Dy-164)
Nuclide  67165.09c -- holmium 165 at 900K (Ho-165)
Nuclide  67366.09c -- holmium 166m at 900K (Ho-166m)
Nuclide  68162.09c -- erbium 162 at 900K (Er-162)
Nuclide  68164.09c -- erbium 164 at 900K (Er-164)
Nuclide  68166.09c -- erbium 166 at 900K (Er-166)
Nuclide  68167.09c -- erbium 167 at 900K (Er-167)
Nuclide  68168.09c -- erbium 168 at 900K (Er-168)
Nuclide  68170.09c -- erbium 170 at 900K (Er-170)

Adding remaining data and forming paths...

Nuclide  54124.09c -- xenon 124 at 900K (Xe-124)
OK.

Setting majorant temperatures for TMS:

Material graphite at 950.0K

Running Doppler-broadening preprocessor:

Adjusting nuclide   6000.09c temperature from 900K to 950K...
Adjusting nuclide   5010.09c temperature from 900K to 950K...
Adjusting nuclide   5011.09c temperature from 900K to 950K...

Adding thermal scattering data...

Nuclide   gre7.04t -- natural carbon at 400K (C-nat)
Nuclide   gre7.08t -- natural carbon at 500K (C-nat)
Nuclide   gre7.12t -- natural carbon at 600K (C-nat)
Nuclide   gre7.16t -- natural carbon at 700K (C-nat)
Nuclide   gre7.18t -- natural carbon at 800K (C-nat)
Nuclide   gre7.22t -- natural carbon at 1200K (C-nat)

Checking data and printing output...

***** Sat Mar 19 23:39:43 2022 (seed = 1647747568650)
Warning message from function CheckNuclideData:

Stable nuclide 40096.09c has 1 decay modes


***** Sat Mar 19 23:39:43 2022 (seed = 1647747568650)
Warning message from function CheckNuclideData:

Stable nuclide 48114.09c has 1 decay modes


***** Sat Mar 19 23:39:43 2022 (seed = 1647747568650)
Warning message from function CheckNuclideData:

Stable nuclide 52123.09c has 1 decay modes


***** Sat Mar 19 23:39:43 2022 (seed = 1647747568650)
Warning message from function CheckNuclideData:

Stable nuclide 52130.09c has 1 decay modes


***** Sat Mar 19 23:39:43 2022 (seed = 1647747568650)
Warning message from function CheckNuclideData:

Stable nuclide 54134.09c has 1 decay modes


***** Sat Mar 19 23:39:43 2022 (seed = 1647747568650)
Warning message from function CheckNuclideData:

Stable nuclide 54136.09c has 1 decay modes


***** Sat Mar 19 23:39:43 2022 (seed = 1647747568650)
Warning message from function CheckNuclideData:

Stable nuclide 58142.09c has 1 decay modes


***** Sat Mar 19 23:39:43 2022 (seed = 1647747568650)
Warning message from function CheckNuclideData:

Stable nuclide 64160.09c has 1 decay modes


***** Sat Mar 19 23:39:43 2022 (seed = 1647747568650)
Warning message from function CheckNuclideData:

Stable nuclide 300700 has 1 decay modes

OK.

Generating unionize energy grids...

Adding points:

  1001.09c -- Points added in neutron grid: 252
  1002.09c -- Points added in neutron grid: 115
  1003.09c -- Points added in neutron grid: 58
  2003.09c -- Points added in neutron grid: 32
  2004.09c -- Points added in neutron grid: 129
  3006.09c -- Points added in neutron grid: 181
  3007.09c -- Points added in neutron grid: 72
  4009.09c -- Points added in neutron grid: 80
  5010.09c -- Points added in neutron grid: 149
  5010.09c -- Points added in neutron grid: 0
  5011.09c -- Points added in neutron grid: 2598
  5011.09c -- Points added in neutron grid: 0
  6000.09c -- Points added in neutron grid: 488
  6000.09c -- Points added in neutron grid: 0
  6000.09s -- Points added in neutron grid: 0
  6012.09c -- Points added in neutron grid: 658
  7014.09c -- Points added in neutron grid: 1006
  7015.09c -- Points added in neutron grid: 199
  8016.09c -- Points added in neutron grid: 1392
  8017.09c -- Points added in neutron grid: 22
  9019.09c -- Points added in neutron grid: 1027
 14000.09c -- Points added in neutron grid: 2590
 15031.09c -- Points added in neutron grid: 150
 16000.09c -- Points added in neutron grid: 6048
 24000.09c -- Points added in neutron grid: 5376
 25055.09c -- Points added in neutron grid: 4457
 26000.09c -- Points added in neutron grid: 10864
 28000.09c -- Points added in neutron grid: 19141
 31069.09c -- Points added in neutron grid: 2362
 31071.09c -- Points added in neutron grid: 2209
 32070.09c -- Points added in neutron grid: 1691
 32072.09c -- Points added in neutron grid: 1565
 32073.09c -- Points added in neutron grid: 4643
 32074.09c -- Points added in neutron grid: 524
 32076.09c -- Points added in neutron grid: 894
 33074.09c -- Points added in neutron grid: 366
 33075.09c -- Points added in neutron grid: 8792
 34074.09c -- Points added in neutron grid: 1600
 34076.09c -- Points added in neutron grid: 2433
 34077.09c -- Points added in neutron grid: 3042
 34078.09c -- Points added in neutron grid: 1785
 34079.09c -- Points added in neutron grid: 541
 34080.09c -- Points added in neutron grid: 1457
 34082.09c -- Points added in neutron grid: 1004
 35079.09c -- Points added in neutron grid: 8900
 35081.09c -- Points added in neutron grid: 9455
 36078.09c -- Points added in neutron grid: 900
 36080.09c -- Points added in neutron grid: 1029
 36082.09c -- Points added in neutron grid: 526
 36083.09c -- Points added in neutron grid: 315
 36084.09c -- Points added in neutron grid: 3444
 36085.09c -- Points added in neutron grid: 834
 36086.09c -- Points added in neutron grid: 4466
 37085.09c -- Points added in neutron grid: 6957
 37086.09c -- Points added in neutron grid: 3688
 37087.09c -- Points added in neutron grid: 1257
 38084.09c -- Points added in neutron grid: 1263
 38086.09c -- Points added in neutron grid: 2367
 38087.09c -- Points added in neutron grid: 5966
 38088.09c -- Points added in neutron grid: 3030
 38089.09c -- Points added in neutron grid: 44
 38090.09c -- Points added in neutron grid: 396
 39089.09c -- Points added in neutron grid: 4459
 39090.09c -- Points added in neutron grid: 2742
 39091.09c -- Points added in neutron grid: 480
 40090.09c -- Points added in neutron grid: 1538
 40091.09c -- Points added in neutron grid: 5155
 40092.09c -- Points added in neutron grid: 4380
 40093.09c -- Points added in neutron grid: 3745
 40094.09c -- Points added in neutron grid: 3870
 40095.09c -- Points added in neutron grid: 324
 40096.09c -- Points added in neutron grid: 2173
 41093.09c -- Points added in neutron grid: 8993
 41094.09c -- Points added in neutron grid: 642
 41095.09c -- Points added in neutron grid: 463
 42000.09c -- Points added in neutron grid: 2523
 42092.09c -- Points added in neutron grid: 4998
 42094.09c -- Points added in neutron grid: 3564
 42095.09c -- Points added in neutron grid: 4065
 42096.09c -- Points added in neutron grid: 4457
 42097.09c -- Points added in neutron grid: 4423
 42098.09c -- Points added in neutron grid: 6747
 42099.09c -- Points added in neutron grid: 374
 42100.09c -- Points added in neutron grid: 6662
 43099.09c -- Points added in neutron grid: 16636
 44096.09c -- Points added in neutron grid: 415
 44098.09c -- Points added in neutron grid: 584
 44099.09c -- Points added in neutron grid: 3238
 44100.09c -- Points added in neutron grid: 4888
 44101.09c -- Points added in neutron grid: 3213
 44102.09c -- Points added in neutron grid: 7188
 44103.09c -- Points added in neutron grid: 813
 44104.09c -- Points added in neutron grid: 6329
 44105.09c -- Points added in neutron grid: 57
 44106.09c -- Points added in neutron grid: 270
 45103.09c -- Points added in neutron grid: 10852
 45105.09c -- Points added in neutron grid: 112
 46102.09c -- Points added in neutron grid: 557
 46104.09c -- Points added in neutron grid: 6091
 46105.09c -- Points added in neutron grid: 8889
 46106.09c -- Points added in neutron grid: 4872
 46107.09c -- Points added in neutron grid: 4249
 46108.09c -- Points added in neutron grid: 4846
 46110.09c -- Points added in neutron grid: 4448
 47107.09c -- Points added in neutron grid: 3465
 47109.09c -- Points added in neutron grid: 12677
 47310.09c -- Points added in neutron grid: 1233
 47111.09c -- Points added in neutron grid: 4056
 48106.09c -- Points added in neutron grid: 3857
 48108.09c -- Points added in neutron grid: 3476
 48110.09c -- Points added in neutron grid: 5201
 48111.09c -- Points added in neutron grid: 7617
 48112.09c -- Points added in neutron grid: 6575
 48113.09c -- Points added in neutron grid: 16259
 48114.09c -- Points added in neutron grid: 5016
 48315.09c -- Points added in neutron grid: 1573
 48116.09c -- Points added in neutron grid: 3148
 49113.09c -- Points added in neutron grid: 3463
 49115.09c -- Points added in neutron grid: 9484
 50112.09c -- Points added in neutron grid: 1600
 50113.09c -- Points added in neutron grid: 2571
 50114.09c -- Points added in neutron grid: 1455
 50115.09c -- Points added in neutron grid: 825
 50116.09c -- Points added in neutron grid: 9517
 50117.09c -- Points added in neutron grid: 3854
 50118.09c -- Points added in neutron grid: 1037
 50119.09c -- Points added in neutron grid: 1986
 50120.09c -- Points added in neutron grid: 7965
 50122.09c -- Points added in neutron grid: 13841
 50123.09c -- Points added in neutron grid: 316
 50124.09c -- Points added in neutron grid: 7784
 50125.09c -- Points added in neutron grid: 1011
 50126.09c -- Points added in neutron grid: 264
 51121.09c -- Points added in neutron grid: 10941
 51123.09c -- Points added in neutron grid: 10220
 51124.09c -- Points added in neutron grid: 190
 51125.09c -- Points added in neutron grid: 351
 51126.09c -- Points added in neutron grid: 4926
 52120.09c -- Points added in neutron grid: 356
 52122.09c -- Points added in neutron grid: 11761
 52123.09c -- Points added in neutron grid: 4199
 52124.09c -- Points added in neutron grid: 7953
 52125.09c -- Points added in neutron grid: 11261
 52126.09c -- Points added in neutron grid: 3418
 52327.09c -- Points added in neutron grid: 618
 52128.09c -- Points added in neutron grid: 2699
 52329.09c -- Points added in neutron grid: 259
 52130.09c -- Points added in neutron grid: 1511
 52132.09c -- Points added in neutron grid: 1585
 53127.09c -- Points added in neutron grid: 19150
 53129.09c -- Points added in neutron grid: 6662
 53130.09c -- Points added in neutron grid: 4777
 53131.09c -- Points added in neutron grid: 316
 53135.09c -- Points added in neutron grid: 57
 54124.09c -- Points added in neutron grid: 484
 54126.09c -- Points added in neutron grid: 749
 54128.09c -- Points added in neutron grid: 1696
 54129.09c -- Points added in neutron grid: 5462
 54130.09c -- Points added in neutron grid: 1804
 54131.09c -- Points added in neutron grid: 3943
 54132.09c -- Points added in neutron grid: 713
 54133.09c -- Points added in neutron grid: 255
 54134.09c -- Points added in neutron grid: 512
 54135.09c -- Points added in neutron grid: 352
 54136.09c -- Points added in neutron grid: 1313
 55133.09c -- Points added in neutron grid: 9211
 55134.09c -- Points added in neutron grid: 976
 55135.09c -- Points added in neutron grid: 804
 55136.09c -- Points added in neutron grid: 319
 55137.09c -- Points added in neutron grid: 295
 56130.09c -- Points added in neutron grid: 4077
 56132.09c -- Points added in neutron grid: 448
 56133.09c -- Points added in neutron grid: 688
 56134.09c -- Points added in neutron grid: 5189
 56135.09c -- Points added in neutron grid: 6771
 56136.09c -- Points added in neutron grid: 5355
 56137.09c -- Points added in neutron grid: 4104
 56138.09c -- Points added in neutron grid: 1891
 56140.09c -- Points added in neutron grid: 939
 57138.09c -- Points added in neutron grid: 1193
 57139.09c -- Points added in neutron grid: 6724
 57140.09c -- Points added in neutron grid: 1915
 58136.09c -- Points added in neutron grid: 1071
 58138.09c -- Points added in neutron grid: 1038
 58139.09c -- Points added in neutron grid: 1120
 58140.09c -- Points added in neutron grid: 7905
 58141.09c -- Points added in neutron grid: 670
 58142.09c -- Points added in neutron grid: 2106
 58143.09c -- Points added in neutron grid: 1479
 58144.09c -- Points added in neutron grid: 237
 59141.09c -- Points added in neutron grid: 8175
 59142.09c -- Points added in neutron grid: 2366
 59143.09c -- Points added in neutron grid: 560
 60142.09c -- Points added in neutron grid: 4139
 60143.09c -- Points added in neutron grid: 7993
 60144.09c -- Points added in neutron grid: 3141
 60145.09c -- Points added in neutron grid: 10468
 60146.09c -- Points added in neutron grid: 3354
 60147.09c -- Points added in neutron grid: 1022
 60148.09c -- Points added in neutron grid: 6248
 60150.09c -- Points added in neutron grid: 5721
 61147.09c -- Points added in neutron grid: 1658
 61148.09c -- Points added in neutron grid: 294
 61348.09c -- Points added in neutron grid: 111
 61149.09c -- Points added in neutron grid: 313
 61151.09c -- Points added in neutron grid: 2402
 62144.09c -- Points added in neutron grid: 3499
 62147.09c -- Points added in neutron grid: 10488
 62148.09c -- Points added in neutron grid: 1291
 62149.09c -- Points added in neutron grid: 6812
 62150.09c -- Points added in neutron grid: 2477
 62151.09c -- Points added in neutron grid: 4430
 62152.09c -- Points added in neutron grid: 6888
 62153.09c -- Points added in neutron grid: 794
 62154.09c -- Points added in neutron grid: 3385
 63151.09c -- Points added in neutron grid: 2651
 63152.09c -- Points added in neutron grid: 1464
 63153.09c -- Points added in neutron grid: 2924
 63154.09c -- Points added in neutron grid: 802
 63155.09c -- Points added in neutron grid: 477
 63156.09c -- Points added in neutron grid: 259
 63157.09c -- Points added in neutron grid: 1410
 64152.09c -- Points added in neutron grid: 9025
 64153.09c -- Points added in neutron grid: 1041
 64154.09c -- Points added in neutron grid: 10082
 64155.09c -- Points added in neutron grid: 3148
 64156.09c -- Points added in neutron grid: 5641
 64157.09c -- Points added in neutron grid: 3302
 64158.09c -- Points added in neutron grid: 6914
 64160.09c -- Points added in neutron grid: 4340
 65159.09c -- Points added in neutron grid: 9529
 65160.09c -- Points added in neutron grid: 271
 66156.09c -- Points added in neutron grid: 1248
 66158.09c -- Points added in neutron grid: 434
 66160.09c -- Points added in neutron grid: 5299
 66161.09c -- Points added in neutron grid: 9012
 66162.09c -- Points added in neutron grid: 6068
 66163.09c -- Points added in neutron grid: 6382
 66164.09c -- Points added in neutron grid: 5033
 67165.09c -- Points added in neutron grid: 9338
 67366.09c -- Points added in neutron grid: 343
 68162.09c -- Points added in neutron grid: 1597
 68164.09c -- Points added in neutron grid: 1937
 68166.09c -- Points added in neutron grid: 8316
 68167.09c -- Points added in neutron grid: 11248
 68168.09c -- Points added in neutron grid: 8467
 68170.09c -- Points added in neutron grid: 4204
 90227.09c -- Points added in neutron grid: 53
 90228.09c -- Points added in neutron grid: 166
 90229.09c -- Points added in neutron grid: 511
 90230.09c -- Points added in neutron grid: 2235
 90232.09c -- Points added in neutron grid: 18423
 90233.09c -- Points added in neutron grid: 39
 90234.09c -- Points added in neutron grid: 75
 91231.09c -- Points added in neutron grid: 3876
 91232.09c -- Points added in neutron grid: 227
 91233.09c -- Points added in neutron grid: 3265
 92232.09c -- Points added in neutron grid: 1897
 92233.09c -- Points added in neutron grid: 6303
 92234.09c -- Points added in neutron grid: 7850
 92235.09c -- Points added in neutron grid: 23376
 92236.09c -- Points added in neutron grid: 7416
 92237.09c -- Points added in neutron grid: 2346
 92238.09c -- Points added in neutron grid: 51562
 92239.09c -- Points added in neutron grid: 178
 92240.09c -- Points added in neutron grid: 5343
 92241.09c -- Points added in neutron grid: 2069
 93235.09c -- Points added in neutron grid: 155
 93236.09c -- Points added in neutron grid: 318
 93237.09c -- Points added in neutron grid: 9623
 93238.09c -- Points added in neutron grid: 72
 93239.09c -- Points added in neutron grid: 52
 94236.09c -- Points added in neutron grid: 204
 94237.09c -- Points added in neutron grid: 90
 94238.09c -- Points added in neutron grid: 1451
 94239.09c -- Points added in neutron grid: 18950
 94240.09c -- Points added in neutron grid: 14810
 94241.09c -- Points added in neutron grid: 4357
 94242.09c -- Points added in neutron grid: 1866
 94243.09c -- Points added in neutron grid: 2464
 94244.09c -- Points added in neutron grid: 2216
 95241.09c -- Points added in neutron grid: 4447
 95242.09c -- Points added in neutron grid: 1542
 95342.09c -- Points added in neutron grid: 693
 95243.09c -- Points added in neutron grid: 6027
 95244.09c -- Points added in neutron grid: 79
 95344.09c -- Points added in neutron grid: 58
 96240.09c -- Points added in neutron grid: 2078
 96241.09c -- Points added in neutron grid: 4
 96242.09c -- Points added in neutron grid: 1392
 96243.09c -- Points added in neutron grid: 1601
 96244.09c -- Points added in neutron grid: 5562
 96245.09c -- Points added in neutron grid: 1166
 96246.09c -- Points added in neutron grid: 1868
 96247.09c -- Points added in neutron grid: 1377
 96248.09c -- Points added in neutron grid: 4447
 96249.09c -- Points added in neutron grid: 835
 96250.09c -- Points added in neutron grid: 231
  gre7.04t -- Points added in neutron grid: 1232
  gre7.08t -- Points added in neutron grid: 2
  gre7.12t -- Points added in neutron grid: 2
  gre7.16t -- Points added in neutron grid: 2
  gre7.18t -- Points added in neutron grid: 2
  gre7.22t -- Points added in neutron grid: 2

Generating unionized energy grid:

 - Unionization performed without grid thinning
   between 1.00E-11 and 20.0 MeV.

 - Final neutron grid size: 1108733 points.

 - 136.19 Mb of memory allocated for grid data

OK.

Processing cross sections and ENDF reaction laws...


***** Sat Mar 19 23:39:44 2022:

 - MPI task         = 0
 - OpenMP thread    = 0
 - RNG parent seed  = 1647747568650
 - Host name        = node68

Fatal error in function Mem:

Memory allocation failed (realloc, size = 23338354496)

Simulation aborted.

