 Reserving general partition A  with:   14.0 Mwords (default)
 Reserving neutron partition B1 with:    4.0 Mwords (default)
 Reserving gamma   partition B2 with:    4.0 Mwords (default)
 Total allocation                   :   18.0 Mwords (A+B1)
 CASMO library identified as E6 0200 UPDATE D
 __________________________________________________________________________________________
 * C A S M O - 4E 1.00.02 REV:00 CREATED:2012/05/08 STUDSVIK * EXECUTED 2021/12/03 20:33:28

 This source code includes the following optional modules:
      1 - CASMO-4E (CASMO-4 Extended Version).
      2 - MxN extended multi-assembly module present.
      3 - Hexagonal module present.
      4 - CLU/AGR module present.
      5 - PSC Tiff/PostScript capability active.
      6 - Azimuthal depletion model present.
      7 - FSS/FSC model present.
      8 - Extra cards present.
      9 - Pn higher order scattering model present.
     10 - DIA Rotated water hole model present.
     11 - CCR Extended C.R. model present.

       LIST OF USER FILES
       ******************
 EXECUTABLE FILE               /opt/studsvik/libexec/studsvik/casmo4e/casmo4e-u1.00.02/casmo4e.exe
 NEUTRON DATA LIBRARY FILE     /opt/studsvik/lib/studsvik/casmo4e/e60200
 GAMMA DATA LIBRARY FILE       /opt/studsvik/lib/studsvik/casmo4e/galb418
 INPUT FILE                    pwr.example.inp
 OUTPUT LIST FILE              ./pwr.example.out
 CARD IMAGE FILE (SEG1)        ./pwr.example.cax
 
 [WARNING] IN SCANIN              Input card STA is missing before END card  -  STA card added.
 [WARNING] IN INP_PIN             COO in a non-fuel pin detected -MOD is recommended for pin # 2
 [WARNING] IN INP_PIN             COO in a non-fuel pin detected -MOD is recommended for pin # 3
 [WARNING] IN INP_MIX             ID=718 detected for SPA material but Zirc default [ 7.0000E-06] for thermal expansion coeff. (C) used.
 [WARNING] IN EDTFTD              Non-default neutron data library is attached.

   ** C A S M O - 4E SUMMARY **

   GENERIC PWR MODEL - FUEL PWRU400G16 BASE AND BRANCHES
   HVOI=  0.0 HTFU=  845.5 HTMO=  579.5 HTCO=  579.5 HBOR=  600.0
   NO VOID    TFU    TMO    TCO    BOR ROD   BURNUP   K-INF   K-INF     M2     PIN   U-235 FISS PU  TOT PU
                                             MWD/KG             TWO-GROUP     PEAK    WT %    WT %    WT %
    1  0.0  845.5  579.5  579.5  600.0        0.000 1.13509 1.13470  59.71   1.134   3.916   0.000   0.000  
    2                                         0.100 1.10306 1.10289  59.26   1.131   3.904   0.002   0.002  
    3                                         0.500 1.09848 1.09833  59.19   1.128   3.856   0.021   0.021  
    4                                         1.000 1.09774 1.09760  59.18   1.125   3.798   0.048   0.049  
    5                                         1.500 1.09811 1.09797  59.18   1.122   3.741   0.074   0.076  
    6                                         2.000 1.09845 1.09832  59.19   1.119   3.685   0.099   0.102  
    7                                         2.500 1.09865 1.09851  59.20   1.116   3.630   0.123   0.128  
    8                                         3.000 1.09876 1.09862  59.20   1.113   3.575   0.146   0.153  
    9                                         3.500 1.09884 1.09871  59.21   1.110   3.522   0.167   0.177  
   10                                         4.000 1.09892 1.09879  59.23   1.107   3.470   0.188   0.200  
   11                                         4.500 1.09904 1.09891  59.24   1.104   3.418   0.209   0.223  
   12                                         5.000 1.09923 1.09910  59.26   1.100   3.367   0.228   0.246  
   13                                         5.500 1.09953 1.09939  59.27   1.097   3.317   0.247   0.267  
   14                                         6.000 1.09996 1.09982  59.30   1.094   3.268   0.265   0.288  
   15                                         6.500 1.10053 1.10039  59.32   1.091   3.219   0.282   0.309  
   16                                         7.000 1.10127 1.10112  59.35   1.089   3.171   0.299   0.329  
   17                                         7.500 1.10218 1.10203  59.38   1.086   3.124   0.315   0.349  
   18                                         8.000 1.10328 1.10312  59.42   1.083   3.077   0.331   0.368  
   19                                         8.500 1.10460 1.10443  59.46   1.080   3.031   0.346   0.387  
   20                                         9.000 1.10614 1.10596  59.50   1.077   2.985   0.361   0.405  
   21                                         9.500 1.10792 1.10773  59.55   1.074   2.940   0.375   0.423  
   22                                        10.000 1.10985 1.10963  59.60   1.070   2.896   0.388   0.440  
   23                                        10.500 1.11176 1.11153  59.65   1.067   2.852   0.402   0.457  
   24                                        11.000 1.11338 1.11313  59.70   1.064   2.809   0.414   0.474  
   25                                        11.500 1.11443 1.11417  59.73   1.061   2.766   0.426   0.490  
   26                                        12.000 1.11474 1.11447  59.76   1.059   2.724   0.438   0.506  
   27                                        12.500 1.11421 1.11394  59.78   1.057   2.682   0.450   0.521  
   28                                        13.000 1.11276 1.11249  59.78   1.055   2.641   0.461   0.537  
   29                                        13.500 1.11039 1.11014  59.77   1.055   2.601   0.471   0.551  
   30                                        14.000 1.10730 1.10706  59.74   1.055   2.560   0.482   0.566  
   31                                        14.500 1.10370 1.10347  59.71   1.055   2.521   0.492   0.580  
   32                                        15.000 1.09979 1.09958  59.68   1.054   2.481   0.502   0.594  
   33                                        17.500 1.07915 1.07902  59.50   1.052   2.292   0.547   0.661  
   34                                        20.000 1.05890 1.05883  59.33   1.049   2.113   0.586   0.722  
   35                                        22.500 1.03942 1.03939  59.17   1.047   1.945   0.621   0.779  
   36                                        25.000 1.02060 1.02060  59.02   1.044   1.787   0.650   0.831  
   37                                        27.500 1.00234 1.00234  58.88   1.042   1.638   0.676   0.879  
   38                                        30.000 0.98458 0.98458  58.75   1.039   1.498   0.698   0.924  
   39                                        32.500 0.96734 0.96730  58.63   1.037   1.368   0.716   0.965  
   40                                        35.000 0.95056 0.95050  58.51   1.035   1.245   0.732   1.002  
   41                                        37.500 0.93424 0.93413  58.40   1.032   1.131   0.744   1.037  
   42                                        40.000 0.91842 0.91825  58.29   1.031   1.025   0.755   1.070  
   43                                        42.500 0.90317 0.90293  58.20   1.029   0.926   0.763   1.100  
   44                                        45.000 0.88844 0.88814  58.10   1.028   0.835   0.770   1.127  
   45                                        47.500 0.87427 0.87389  58.02   1.026   0.750   0.774   1.153  
   46                                        50.000 0.86068 0.86021  57.94   1.025   0.673   0.778   1.177  
   47                                        52.500 0.84767 0.84712  57.86   1.024   0.602   0.780   1.199  
   48                                        55.000 0.83527 0.83463  57.79   1.024   0.537   0.782   1.220  
   49                                        57.500 0.82350 0.82277  57.73   1.023   0.478   0.782   1.240  
   50                                        60.000 0.81238 0.81155  57.67   1.023   0.424   0.783   1.258  


 RUN TERMINATED.  5  WARNING(S) ENCOUNTERED
   0  FATAL ERROR(S),     5  WARNING(S)
   0  USAGE NOTE(S),      0  CAUTION(S)


                   Neutron Calculation                         
 Memory Use        Allocated       Used                         
 A Array            14000000    3847824
 B Array             4000000     130121
                    --------    -------
 Total Words        18000000    3977945
 Total Mwords           18.0        4.0
 Total Mbytes           72.0       15.9

 Run Started     (Date,Time):  2021/12/03   20:33:28  
 Run Completed   (Date,Time):  2021/12/03   20:34:13  
 Total Wall Time Used       :               00:00:45
 Total CPU  Time Used       :               00:00:40   CPU Utilization:   88%
 Files:
 Input                      :  pwr.example.inp
 Output                     :  ./pwr.example.out
 Card Image                 :  ./pwr.example.cax
 *********************************
 *  CASMO-4E NORMAL TERMINATION  *
 *     -WARNINGS ENCOUNTERED-    *
 *********************************
C-4E Complete....
