
  _                   .-=-.           .-=-.          .-==-.       
 { }      __        .' O o '.       .' O o '.       /  -<' )--<   
 { }    .' O'.     / o .-. O \     / o .-. O \     /  .---`       
 { }   / .-. o\   /O  /   \  o\   /O  /   \  o\   /O /            
  \ `-` /   \ O`-'o  /     \  O`-'o  /     \  O`-`o /             
   `-.-`     '.____.'       `._____.'       `.____.'              

Serpent 2 beta

A Continuous-energy Monte Carlo Reactor Physics Burnup Calculation Code

 - Version 2.1.30 (February 14, 2018) -- Contact: serpent@vtt.fi

 - Reference: J. Leppanen, et al. "The Serpent Monte Carlo code: Status,
              development and applications in 2013." Ann. Nucl. Energy,
              82 (2015) 142-150.

 - Compiled Feb 15 2021 19:17:39

 - MPI Parallel calculation mode not available

 - OpenMP Parallel calculation mode available

 - Geometry and mesh plotting available

 - Default data path set to: "/opt/serpent/xsdata"

Begin calculation on Tue Mar 30 17:11:21 2021

Reading input file "core"...

NOTE: The "set printm" feature is outdated and not recommended to be
      used anymore. For restart calculations use the binary restart
      files ("set rfw") and ("set rfr"):

      http://serpent.vtt.fi/mediawiki/index.php/Input_syntax_manual#set_rfw

      Isotopic data is best obtained from the _res.m output.


Checking duplicate input definitions...
OK.

Creating geometry...
OK.

Counting geometry zones...

The geometry consists of 3 levels:

Level 0 size: max 7 zones
Level 1 size: max 289 zones
Level 2 size: max 7 zones

Processing cells...
OK.

Linking materials to geometry...
OK.

Counting cells...
OK.

Processing data for group constant generation:

 - 70 energy groups in micro-group structure
 - 2 energy groups in macro-group structure
 - B1 fundamental mode calculation is not run
 - Group constants generated in 1 universes
 - Discontinuity factors are not calculated
 - Pin-power distributions are not calculated
 - Albedos are not calculated
 - Poison cross sections are not calculated

Calculating material volumes by Monte Carlo...

Estimated calculation time: 0:00:01
Realized calculation time:  0:00:01


OK.

Reading ACE directory files...
OK.

Reading neutron-induced fission yields...
OK.

Adding nuclides in material graphite...

Nuclide   6000.09c -- natural carbon at 900K (C-nat)
Nuclide   5010.09c -- boron 10 at 900K (B-10)
Nuclide   5011.09c -- boron 11 at 900K (B-11)

Adding nuclides in material natb4c...

Adding nuclides in material fuelsalt...

Nuclide   4009.09c -- beryllium 9 at 908K (Be-9)
Nuclide   9019.09c -- fluorine 19 at 908K (F-19)
Nuclide  11023.09c -- sodium 23 at 908K (Na-23)
Nuclide  90232.09c -- thorium 232 at 908K (Th-232)
Nuclide  92234.09c -- uranium 234 at 908K (U-234)
Nuclide  92235.09c -- uranium 235 at 908K (U-235)
Nuclide  92236.09c -- uranium 236 at 908K (U-236)
Nuclide  92238.09c -- uranium 238 at 908K (U-238)

Running Doppler-broadening preprocessor:

Adjusting nuclide   4009.09c temperature from 900K to 908K...
Adjusting nuclide   9019.09c temperature from 900K to 908K...
Adjusting nuclide  11023.09c temperature from 900K to 908K...
Adjusting nuclide  90232.09c temperature from 900K to 908K...
Adjusting nuclide  92234.09c temperature from 900K to 908K...
Adjusting nuclide  92235.09c temperature from 900K to 908K...
Adjusting nuclide  92236.09c temperature from 900K to 908K...
Adjusting nuclide  92238.09c temperature from 900K to 908K...

Adding thermal scattering data...

Nuclide   gre7.18t -- natural carbon at 800K (C-nat)
Nuclide   gre7.22t -- natural carbon at 1200K (C-nat)
Interpolating to 908.15 K between S(a,b) nuclides gre7.18t @ 800.00 K and gre7.22t @ 1200.00 K

Checking data and printing output...
OK.


***** Tue Mar 30 17:11:24 2021 (seed = 1617138681)
Warning message from function ProcessNuclides:

Minimum photon cross section energy 1.000000E+37 MeV is
above the energy grid minimum 1.000000E-03 MeV.
The energy grid minimum is set to 1.000000E+37 MeV.
Possible changes in energy cutoff cards (warned if any).


***** Tue Mar 30 17:11:24 2021 (seed = 1617138681)
Warning message from function ProcessNuclides:

Photon energy cutoff 1.000000E-03 MeV is changed to 1.000000E+37.


Generating unionize energy grids...

Adding points:

  4009.09c -- Points added in neutron grid: 307
  5010.09c -- Points added in neutron grid: 390
  5011.09c -- Points added in neutron grid: 2631
  6000.09c -- Points added in neutron grid: 594
  6000.09s -- Points added in neutron grid: 1216
  9019.09c -- Points added in neutron grid: 1102
 11023.09c -- Points added in neutron grid: 1667
 90232.09c -- Points added in neutron grid: 19676
 92234.09c -- Points added in neutron grid: 8380
 92235.09c -- Points added in neutron grid: 25051
 92236.09c -- Points added in neutron grid: 7813
 92238.09c -- Points added in neutron grid: 54091

Generating unionized energy grid:

 - Unionization performed without grid thinning
   between 1.00E-11 and 20.0 MeV.

 - Final neutron grid size: 122817 points.

 - 6.37 Mb of memory allocated for grid data

OK.

Processing cross sections and ENDF reaction laws...

Nuclide   4009.09c -- beryllium 9 at 908K (Be-9)
Nuclide   5010.09c -- boron 10 at 900K (B-10)
Nuclide   5011.09c -- boron 11 at 900K (B-11)
Nuclide   6000.09c -- natural carbon at 900K (C-nat)
Nuclide   6000.09s -- natural carbon at 900K (C-nat)
Nuclide   9019.09c -- fluorine 19 at 908K (F-19)
Nuclide  11023.09c -- sodium 23 at 908K (Na-23)
Nuclide  90232.09c -- thorium 232 at 908K (Th-232)
Nuclide  92234.09c -- uranium 234 at 908K (U-234)
Nuclide  92235.09c -- uranium 235 at 908K (U-235)
Nuclide  92236.09c -- uranium 236 at 908K (U-236)
Nuclide  92238.09c -- uranium 238 at 908K (U-238)

SUMMARY -- 12 nuclides included in calculation:

 - 12 transport nuclides
 - Neutron energy cut-offs at 1.00E-11 and 20.0 MeV
 - 412 transport reactions
 - 49 special reactions
 - 10 decay reactions
 - 91.08 Mb of memory allocated for data

Normalizing compositions and processing mixtures...
OK.

Allocating memory for macroscopic cross section data...
OK.

Allocating memory for particle structures...
OK.

Calculating maximum densities...
OK.

Performing density cut-off...
OK.

Sorting material-wise reaction lists:

   0% complete
 100% complete

Calculating macroscopic cross sections:

   0% complete
 100% complete

Calculating DT neutron majorant cross section:

   0% complete
 100% complete

Clearing results and statistics...
OK.

Sampling initial source...
OK.

Inactive cycle   1 /  40: k-eff = 1.00000
Inactive cycle   2 /  40: k-eff = 0.87700
Inactive cycle   3 /  40: k-eff = 0.94470
Inactive cycle   4 /  40: k-eff = 0.95056
Inactive cycle   5 /  40: k-eff = 0.95607
Inactive cycle   6 /  40: k-eff = 0.94498
Inactive cycle   7 /  40: k-eff = 0.92968
Inactive cycle   8 /  40: k-eff = 0.89286
Inactive cycle   9 /  40: k-eff = 0.95482
Inactive cycle  10 /  40: k-eff = 0.95215
Inactive cycle  11 /  40: k-eff = 0.94263
Inactive cycle  12 /  40: k-eff = 0.93943
Inactive cycle  13 /  40: k-eff = 0.95972
Inactive cycle  14 /  40: k-eff = 0.96144
Inactive cycle  15 /  40: k-eff = 0.95625
Inactive cycle  16 /  40: k-eff = 0.96505
Inactive cycle  17 /  40: k-eff = 0.96891
Inactive cycle  18 /  40: k-eff = 0.94081
Inactive cycle  19 /  40: k-eff = 0.95718
Inactive cycle  20 /  40: k-eff = 0.93038
Inactive cycle  21 /  40: k-eff = 0.95252
Inactive cycle  22 /  40: k-eff = 0.94871
Inactive cycle  23 /  40: k-eff = 0.93448
Inactive cycle  24 /  40: k-eff = 0.95934
Inactive cycle  25 /  40: k-eff = 0.95167
Inactive cycle  26 /  40: k-eff = 0.96937
Inactive cycle  27 /  40: k-eff = 0.94746
Inactive cycle  28 /  40: k-eff = 0.95788
Inactive cycle  29 /  40: k-eff = 0.94907
Inactive cycle  30 /  40: k-eff = 0.94622
Inactive cycle  31 /  40: k-eff = 0.93808
Inactive cycle  32 /  40: k-eff = 0.94240
Inactive cycle  33 /  40: k-eff = 0.96407
Inactive cycle  34 /  40: k-eff = 0.97256
Inactive cycle  35 /  40: k-eff = 0.96108
Inactive cycle  36 /  40: k-eff = 0.96608
Inactive cycle  37 /  40: k-eff = 0.96086
Inactive cycle  38 /  40: k-eff = 0.99468
Inactive cycle  39 /  40: k-eff = 0.99150
Inactive cycle  40 /  40: k-eff = 0.96176

----- Begin active cycles -----

------------------------------------------------------------

Serpent 2.1.30 -- Static criticality source simulation

Input file: "core" 

Active cycle    1 / 100  Source neutrons :  5018

Running time :                  0:00:19
Estimated running time :        -:--:--
Estimated running time left :   -:--:--

Estimated relative CPU usage :  1959.9%

k-eff (analog)    = 0.96522 +/- 0.00000  [0.96522  0.96522]
k-eff (implicit)  = 0.95833 +/- 0.00000  [0.95833  0.95833]

(O4) (U) (OMP=20) 
------------------------------------------------------------
------------------------------------------------------------

Serpent 2.1.30 -- Static criticality source simulation

Input file: "core" 

Active cycle    2 / 100  Source neutrons :  4946

Running time :                  0:00:19
Estimated running time :        -:--:--
Estimated running time left :   -:--:--

Estimated relative CPU usage :  1954.7%

k-eff (analog)    = 0.96001 +/- 0.00521  [0.94979  0.97022]
k-eff (implicit)  = 0.95903 +/- 0.00069  [0.95767  0.96038]

(O4) (U) (OMP=20) 
------------------------------------------------------------
------------------------------------------------------------

Serpent 2.1.30 -- Static criticality source simulation

Input file: "core" 

Active cycle    3 / 100  Source neutrons :  5073

Running time :                  0:00:20
Estimated running time :        -:--:--
Estimated running time left :   -:--:--

Estimated relative CPU usage :  1969.0%

k-eff (analog)    = 0.96292 +/- 0.00419  [0.95471  0.97112]
k-eff (implicit)  = 0.96263 +/- 0.00363  [0.95552  0.96974]

(O4) (U) (OMP=20) 
------------------------------------------------------------
------------------------------------------------------------

Serpent 2.1.30 -- Static criticality source simulation

Input file: "core" 

Active cycle    4 / 100  Source neutrons :  5091

Running time :                  0:00:20
Estimated running time :        -:--:--
Estimated running time left :   -:--:--

Estimated relative CPU usage :  1980.2%

k-eff (analog)    = 0.96878 +/- 0.00657  [0.95591  0.98165]
k-eff (implicit)  = 0.96163 +/- 0.00275  [0.95624  0.96703]

(O4) (U) (OMP=20) 
------------------------------------------------------------
------------------------------------------------------------

Serpent 2.1.30 -- Static criticality source simulation

Input file: "core" 

Active cycle    5 / 100  Source neutrons :  4869

Running time :                  0:00:20
Estimated running time :        0:01:03
Estimated running time left :   0:00:42

Estimated relative CPU usage :  1970.7%

k-eff (analog)    = 0.96713 +/- 0.00535  [0.95665  0.97761]
k-eff (implicit)  = 0.96044 +/- 0.00244  [0.95566  0.96523]

(O4) (U) (OMP=20) 
------------------------------------------------------------
------------------------------------------------------------

Serpent 2.1.30 -- Static criticality source simulation

Input file: "core" 

Active cycle    6 / 100  Source neutrons :  5109

Running time :                  0:00:21
Estimated running time :        0:01:03
Estimated running time left :   0:00:42

Estimated relative CPU usage :  1988.6%

k-eff (analog)    = 0.96952 +/- 0.00498  [0.95976  0.97927]
k-eff (implicit)  = 0.96089 +/- 0.00204  [0.95689  0.96490]

(O4) (U) (OMP=20) 
------------------------------------------------------------
------------------------------------------------------------

Serpent 2.1.30 -- Static criticality source simulation

Input file: "core" 

Active cycle    7 / 100  Source neutrons :  4840

Running time :                  0:00:21
Estimated running time :        0:01:03
Estimated running time left :   0:00:41

Estimated relative CPU usage :  1989.3%

k-eff (analog)    = 0.96674 +/- 0.00504  [0.95685  0.97662]
k-eff (implicit)  = 0.96008 +/- 0.00191  [0.95634  0.96382]

(O4) (U) (OMP=20) 
------------------------------------------------------------
------------------------------------------------------------

Serpent 2.1.30 -- Static criticality source simulation

Input file: "core" 

Active cycle    8 / 100  Source neutrons :  5000

Running time :                  0:00:22
Estimated running time :        0:01:03
Estimated running time left :   0:00:40

Estimated relative CPU usage :  1977.5%

k-eff (analog)    = 0.96465 +/- 0.00484  [0.95517  0.97414]
k-eff (implicit)  = 0.96121 +/- 0.00200  [0.95728  0.96513]

(O4) (U) (OMP=20) 
------------------------------------------------------------
------------------------------------------------------------

Serpent 2.1.30 -- Static criticality source simulation

Input file: "core" 

Active cycle    9 / 100  Source neutrons :  5155

Running time :                  0:00:22
Estimated running time :        0:01:03
Estimated running time left :   0:00:40

Estimated relative CPU usage :  2001.3%

k-eff (analog)    = 0.96630 +/- 0.00458  [0.95733  0.97527]
k-eff (implicit)  = 0.96103 +/- 0.00177  [0.95755  0.96451]

(O4) (U) (OMP=20) 
------------------------------------------------------------
------------------------------------------------------------

Serpent 2.1.30 -- Static criticality source simulation

Input file: "core" 

Active cycle   10 / 100  Source neutrons :  4963

Running time :                  0:00:23
Estimated running time :        0:01:03
Estimated running time left :   0:00:40

Estimated relative CPU usage :  1970.6%

k-eff (analog)    = 0.96690 +/- 0.00414  [0.95879  0.97500]
k-eff (implicit)  = 0.95989 +/- 0.00195  [0.95606  0.96372]

(O4) (U) (OMP=20) 
------------------------------------------------------------
------------------------------------------------------------

Serpent 2.1.30 -- Static criticality source simulation

Input file: "core" 

Active cycle   11 / 100  Source neutrons :  4737

Running time :                  0:00:23
Estimated running time :        0:01:03
Estimated running time left :   0:00:39

Estimated relative CPU usage :  1988.3%

k-eff (analog)    = 0.96274 +/- 0.00560  [0.95177  0.97370]
k-eff (implicit)  = 0.95982 +/- 0.00177  [0.95636  0.96329]

(O4) (U) (OMP=20) 
------------------------------------------------------------
------------------------------------------------------------

Serpent 2.1.30 -- Static criticality source simulation

Input file: "core" 

Active cycle   12 / 100  Source neutrons :  5392

Running time :                  0:00:24
Estimated running time :        0:01:03
Estimated running time left :   0:00:39

Estimated relative CPU usage :  1997.9%

k-eff (analog)    = 0.96529 +/- 0.00571  [0.95410  0.97648]
k-eff (implicit)  = 0.96012 +/- 0.00164  [0.95690  0.96334]

(O4) (U) (OMP=20) 
------------------------------------------------------------
------------------------------------------------------------

Serpent 2.1.30 -- Static criticality source simulation

Input file: "core" 

Active cycle   13 / 100  Source neutrons :  4887

Running time :                  0:00:24
Estimated running time :        0:01:03
Estimated running time left :   0:00:38

Estimated relative CPU usage :  1992.7%

k-eff (analog)    = 0.96572 +/- 0.00527  [0.95539  0.97604]
k-eff (implicit)  = 0.96181 +/- 0.00226  [0.95737  0.96625]

(O4) (U) (OMP=20) 
------------------------------------------------------------
------------------------------------------------------------

Serpent 2.1.30 -- Static criticality source simulation

Input file: "core" 

Active cycle   14 / 100  Source neutrons :  5149

Running time :                  0:00:24
Estimated running time :        0:01:03
Estimated running time left :   0:00:38

Estimated relative CPU usage :  1997.2%

k-eff (analog)    = 0.96815 +/- 0.00545  [0.95746  0.97884]
k-eff (implicit)  = 0.96203 +/- 0.00211  [0.95790  0.96616]

(O4) (U) (OMP=20) 
------------------------------------------------------------
------------------------------------------------------------

Serpent 2.1.30 -- Static criticality source simulation

Input file: "core" 

Active cycle   15 / 100  Source neutrons :  4817

Running time :                  0:00:25
Estimated running time :        0:01:02
Estimated running time left :   0:00:37

Estimated relative CPU usage :  1999.0%

k-eff (analog)    = 0.96782 +/- 0.00509  [0.95785  0.97779]
k-eff (implicit)  = 0.96276 +/- 0.00209  [0.95866  0.96686]

(O4) (U) (OMP=20) 
------------------------------------------------------------
------------------------------------------------------------

Serpent 2.1.30 -- Static criticality source simulation

Input file: "core" 

Active cycle   16 / 100  Source neutrons :  4916

Running time :                  0:00:25
Estimated running time :        0:01:02
Estimated running time left :   0:00:37

Estimated relative CPU usage :  1995.9%

k-eff (analog)    = 0.96652 +/- 0.00493  [0.95686  0.97619]
k-eff (implicit)  = 0.96248 +/- 0.00198  [0.95861  0.96636]

(O4) (U) (OMP=20) 
------------------------------------------------------------
------------------------------------------------------------

Serpent 2.1.30 -- Static criticality source simulation

Input file: "core" 

Active cycle   17 / 100  Source neutrons :  5116

Running time :                  0:00:26
Estimated running time :        0:01:02
Estimated running time left :   0:00:36

Estimated relative CPU usage :  1985.3%

k-eff (analog)    = 0.96667 +/- 0.00464  [0.95759  0.97576]
k-eff (implicit)  = 0.96219 +/- 0.00188  [0.95851  0.96587]

(O4) (U) (OMP=20) 
------------------------------------------------------------
------------------------------------------------------------

Serpent 2.1.30 -- Static criticality source simulation

Input file: "core" 

Active cycle   18 / 100  Source neutrons :  4958

Running time :                  0:00:26
Estimated running time :        0:01:02
Estimated running time left :   0:00:36

Estimated relative CPU usage :  1996.6%

k-eff (analog)    = 0.96635 +/- 0.00438  [0.95776  0.97494]
k-eff (implicit)  = 0.96244 +/- 0.00179  [0.95893  0.96595]

(O4) (U) (OMP=20) 
------------------------------------------------------------
------------------------------------------------------------

Serpent 2.1.30 -- Static criticality source simulation

Input file: "core" 

Active cycle   19 / 100  Source neutrons :  5072

Running time :                  0:00:27
Estimated running time :        0:01:02
Estimated running time left :   0:00:35

Estimated relative CPU usage :  1992.9%

k-eff (analog)    = 0.96679 +/- 0.00417  [0.95862  0.97496]
k-eff (implicit)  = 0.96233 +/- 0.00170  [0.95900  0.96565]

(O4) (U) (OMP=20) 
------------------------------------------------------------
------------------------------------------------------------

Serpent 2.1.30 -- Static criticality source simulation

Input file: "core" 

Active cycle   20 / 100  Source neutrons :  4950

Running time :                  0:00:27
Estimated running time :        0:01:02
Estimated running time left :   0:00:35

Estimated relative CPU usage :  1995.9%

k-eff (analog)    = 0.96670 +/- 0.00396  [0.95894  0.97445]
k-eff (implicit)  = 0.96271 +/- 0.00165  [0.95947  0.96595]

(O4) (U) (OMP=20) 
------------------------------------------------------------
------------------------------------------------------------

Serpent 2.1.30 -- Static criticality source simulation

Input file: "core" 

Active cycle   21 / 100  Source neutrons :  4974

Running time :                  0:00:27
Estimated running time :        0:01:02
Estimated running time left :   0:00:34

Estimated relative CPU usage :  1992.8%

k-eff (analog)    = 0.96638 +/- 0.00378  [0.95897  0.97378]
k-eff (implicit)  = 0.96285 +/- 0.00158  [0.95976  0.96595]

(O4) (U) (OMP=20) 
------------------------------------------------------------
------------------------------------------------------------

Serpent 2.1.30 -- Static criticality source simulation

Input file: "core" 

Active cycle   22 / 100  Source neutrons :  5041

Running time :                  0:00:28
Estimated running time :        0:01:02
Estimated running time left :   0:00:34

Estimated relative CPU usage :  1992.5%

k-eff (analog)    = 0.96644 +/- 0.00360  [0.95938  0.97350]
k-eff (implicit)  = 0.96271 +/- 0.00151  [0.95974  0.96567]

(O4) (U) (OMP=20) 
------------------------------------------------------------
------------------------------------------------------------

Serpent 2.1.30 -- Static criticality source simulation

Input file: "core" 

Active cycle   23 / 100  Source neutrons :  4976

Running time :                  0:00:28
Estimated running time :        0:01:02
Estimated running time left :   0:00:33

Estimated relative CPU usage :  2001.1%

k-eff (analog)    = 0.96630 +/- 0.00344  [0.95955  0.97305]
k-eff (implicit)  = 0.96294 +/- 0.00146  [0.96007  0.96580]

(O4) (U) (OMP=20) 
------------------------------------------------------------
------------------------------------------------------------

Serpent 2.1.30 -- Static criticality source simulation

Input file: "core" 

Active cycle   24 / 100  Source neutrons :  4985

Running time :                  0:00:29
Estimated running time :        0:01:02
Estimated running time left :   0:00:33

Estimated relative CPU usage :  1990.7%

k-eff (analog)    = 0.96605 +/- 0.00331  [0.95957  0.97253]
k-eff (implicit)  = 0.96293 +/- 0.00140  [0.96018  0.96568]

(O4) (U) (OMP=20) 
------------------------------------------------------------
------------------------------------------------------------

Serpent 2.1.30 -- Static criticality source simulation

Input file: "core" 

Active cycle   25 / 100  Source neutrons :  4934

Running time :                  0:00:29
Estimated running time :        0:01:02
Estimated running time left :   0:00:32

Estimated relative CPU usage :  1985.3%

k-eff (analog)    = 0.96531 +/- 0.00326  [0.95893  0.97169]
k-eff (implicit)  = 0.96317 +/- 0.00137  [0.96050  0.96585]

(O4) (U) (OMP=20) 
------------------------------------------------------------
------------------------------------------------------------

Serpent 2.1.30 -- Static criticality source simulation

Input file: "core" 

Active cycle   26 / 100  Source neutrons :  5267

Running time :                  0:00:30
Estimated running time :        0:01:02
Estimated running time left :   0:00:32

Estimated relative CPU usage :  2000.3%

k-eff (analog)    = 0.96658 +/- 0.00337  [0.95996  0.97319]
k-eff (implicit)  = 0.96281 +/- 0.00136  [0.96014  0.96548]

(O4) (U) (OMP=20) 
------------------------------------------------------------
------------------------------------------------------------

Serpent 2.1.30 -- Static criticality source simulation

Input file: "core" 

Active cycle   27 / 100  Source neutrons :  4826

Running time :                  0:00:30
Estimated running time :        0:01:02
Estimated running time left :   0:00:32

Estimated relative CPU usage :  1976.2%

k-eff (analog)    = 0.96646 +/- 0.00325  [0.96009  0.97283]
k-eff (implicit)  = 0.96272 +/- 0.00131  [0.96015  0.96529]

(O4) (U) (OMP=20) 
------------------------------------------------------------
------------------------------------------------------------

Serpent 2.1.30 -- Static criticality source simulation

Input file: "core" 

Active cycle   28 / 100  Source neutrons :  4876

Running time :                  0:00:30
Estimated running time :        0:01:02
Estimated running time left :   0:00:31

Estimated relative CPU usage :  2004.6%

k-eff (analog)    = 0.96550 +/- 0.00328  [0.95908  0.97192]
k-eff (implicit)  = 0.96237 +/- 0.00131  [0.95980  0.96494]

(O4) (U) (OMP=20) 
------------------------------------------------------------
------------------------------------------------------------

Serpent 2.1.30 -- Static criticality source simulation

Input file: "core" 

Active cycle   29 / 100  Source neutrons :  5184

Running time :                  0:00:31
Estimated running time :        0:01:02
Estimated running time left :   0:00:31

Estimated relative CPU usage :  1986.6%

k-eff (analog)    = 0.96580 +/- 0.00317  [0.95958  0.97202]
k-eff (implicit)  = 0.96263 +/- 0.00129  [0.96009  0.96516]

(O4) (U) (OMP=20) 
------------------------------------------------------------
------------------------------------------------------------

Serpent 2.1.30 -- Static criticality source simulation

Input file: "core" 

Active cycle   30 / 100  Source neutrons :  5033

Running time :                  0:00:31
Estimated running time :        0:01:02
Estimated running time left :   0:00:30

Estimated relative CPU usage :  2005.6%

k-eff (analog)    = 0.96629 +/- 0.00311  [0.96020  0.97238]
k-eff (implicit)  = 0.96271 +/- 0.00125  [0.96025  0.96516]

(O4) (U) (OMP=20) 
------------------------------------------------------------
------------------------------------------------------------

Serpent 2.1.30 -- Static criticality source simulation

Input file: "core" 

Active cycle   31 / 100  Source neutrons :  4889

Running time :                  0:00:32
Estimated running time :        0:01:02
Estimated running time left :   0:00:30

Estimated relative CPU usage :  1992.3%

k-eff (analog)    = 0.96605 +/- 0.00301  [0.96014  0.97196]
k-eff (implicit)  = 0.96276 +/- 0.00121  [0.96039  0.96514]

(O4) (U) (OMP=20) 
------------------------------------------------------------
------------------------------------------------------------

Serpent 2.1.30 -- Static criticality source simulation

Input file: "core" 

Active cycle   32 / 100  Source neutrons :  5047

Running time :                  0:00:32
Estimated running time :        0:01:02
Estimated running time left :   0:00:29

Estimated relative CPU usage :  2001.6%

k-eff (analog)    = 0.96611 +/- 0.00292  [0.96039  0.97183]
k-eff (implicit)  = 0.96251 +/- 0.00120  [0.96016  0.96487]

(O4) (U) (OMP=20) 
------------------------------------------------------------
------------------------------------------------------------

Serpent 2.1.30 -- Static criticality source simulation

Input file: "core" 

Active cycle   33 / 100  Source neutrons :  4847

Running time :                  0:00:33
Estimated running time :        0:01:02
Estimated running time left :   0:00:29

Estimated relative CPU usage :  1994.7%

k-eff (analog)    = 0.96526 +/- 0.00295  [0.95947  0.97105]
k-eff (implicit)  = 0.96254 +/- 0.00116  [0.96026  0.96482]

(O4) (U) (OMP=20) 
------------------------------------------------------------
------------------------------------------------------------

Serpent 2.1.30 -- Static criticality source simulation

Input file: "core" 

Active cycle   34 / 100  Source neutrons :  5104

Running time :                  0:00:33
Estimated running time :        0:01:02
Estimated running time left :   0:00:28

Estimated relative CPU usage :  1991.7%

k-eff (analog)    = 0.96504 +/- 0.00287  [0.95941  0.97067]
k-eff (implicit)  = 0.96276 +/- 0.00115  [0.96051  0.96501]

(O4) (U) (OMP=20) 
------------------------------------------------------------
------------------------------------------------------------

Serpent 2.1.30 -- Static criticality source simulation

Input file: "core" 

Active cycle   35 / 100  Source neutrons :  5090

Running time :                  0:00:34
Estimated running time :        0:01:02
Estimated running time left :   0:00:28

Estimated relative CPU usage :  1994.2%

k-eff (analog)    = 0.96532 +/- 0.00280  [0.95983  0.97082]
k-eff (implicit)  = 0.96238 +/- 0.00118  [0.96007  0.96468]

(O4) (U) (OMP=20) 
------------------------------------------------------------
------------------------------------------------------------

Serpent 2.1.30 -- Static criticality source simulation

Input file: "core" 

Active cycle   36 / 100  Source neutrons :  5032

Running time :                  0:00:34
Estimated running time :        0:01:02
Estimated running time left :   0:00:28

Estimated relative CPU usage :  1982.9%

k-eff (analog)    = 0.96576 +/- 0.00276  [0.96035  0.97117]
k-eff (implicit)  = 0.96222 +/- 0.00115  [0.95996  0.96448]

(O4) (U) (OMP=20) 
------------------------------------------------------------
------------------------------------------------------------

Serpent 2.1.30 -- Static criticality source simulation

Input file: "core" 

Active cycle   37 / 100  Source neutrons :  4900

Running time :                  0:00:34
Estimated running time :        0:01:02
Estimated running time left :   0:00:27

Estimated relative CPU usage :  1992.4%

k-eff (analog)    = 0.96565 +/- 0.00269  [0.96038  0.97092]
k-eff (implicit)  = 0.96222 +/- 0.00112  [0.96002  0.96442]

(O4) (U) (OMP=20) 
------------------------------------------------------------
------------------------------------------------------------

Serpent 2.1.30 -- Static criticality source simulation

Input file: "core" 

Active cycle   38 / 100  Source neutrons :  5057

Running time :                  0:00:35
Estimated running time :        0:01:02
Estimated running time left :   0:00:27

Estimated relative CPU usage :  1992.0%

k-eff (analog)    = 0.96583 +/- 0.00262  [0.96069  0.97097]
k-eff (implicit)  = 0.96208 +/- 0.00110  [0.95992  0.96424]

(O4) (U) (OMP=20) 
------------------------------------------------------------
------------------------------------------------------------

Serpent 2.1.30 -- Static criticality source simulation

Input file: "core" 

Active cycle   39 / 100  Source neutrons :  5023

Running time :                  0:00:35
Estimated running time :        0:01:02
Estimated running time left :   0:00:26

Estimated relative CPU usage :  1991.7%

k-eff (analog)    = 0.96612 +/- 0.00257  [0.96108  0.97116]
k-eff (implicit)  = 0.96200 +/- 0.00108  [0.95989  0.96411]

(O4) (U) (OMP=20) 
------------------------------------------------------------
------------------------------------------------------------

Serpent 2.1.30 -- Static criticality source simulation

Input file: "core" 

Active cycle   40 / 100  Source neutrons :  5104

Running time :                  0:00:36
Estimated running time :        0:01:02
Estimated running time left :   0:00:26

Estimated relative CPU usage :  1979.0%

k-eff (analog)    = 0.96690 +/- 0.00262  [0.96176  0.97204]
k-eff (implicit)  = 0.96195 +/- 0.00105  [0.95989  0.96401]

(O4) (U) (OMP=20) 
------------------------------------------------------------
------------------------------------------------------------

Serpent 2.1.30 -- Static criticality source simulation

Input file: "core" 

Active cycle   41 / 100  Source neutrons :  4830

Running time :                  0:00:36
Estimated running time :        0:01:02
Estimated running time left :   0:00:25

Estimated relative CPU usage :  2004.3%

k-eff (analog)    = 0.96681 +/- 0.00256  [0.96180  0.97183]
k-eff (implicit)  = 0.96172 +/- 0.00105  [0.95966  0.96378]

(O4) (U) (OMP=20) 
------------------------------------------------------------
------------------------------------------------------------

Serpent 2.1.30 -- Static criticality source simulation

Input file: "core" 

Active cycle   42 / 100  Source neutrons :  4900

Running time :                  0:00:37
Estimated running time :        0:01:02
Estimated running time left :   0:00:25

Estimated relative CPU usage :  1979.4%

k-eff (analog)    = 0.96628 +/- 0.00256  [0.96127  0.97128]
k-eff (implicit)  = 0.96176 +/- 0.00103  [0.95975  0.96377]

(O4) (U) (OMP=20) 
------------------------------------------------------------
------------------------------------------------------------

Serpent 2.1.30 -- Static criticality source simulation

Input file: "core" 

Active cycle   43 / 100  Source neutrons :  5184

Running time :                  0:00:37
Estimated running time :        0:01:02
Estimated running time left :   0:00:24

Estimated relative CPU usage :  1987.0%

k-eff (analog)    = 0.96657 +/- 0.00251  [0.96164  0.97149]
k-eff (implicit)  = 0.96187 +/- 0.00101  [0.95989  0.96384]

(O4) (U) (OMP=20) 
------------------------------------------------------------
------------------------------------------------------------

Serpent 2.1.30 -- Static criticality source simulation

Input file: "core" 

Active cycle   44 / 100  Source neutrons :  4978

Running time :                  0:00:37
Estimated running time :        0:01:02
Estimated running time left :   0:00:24

Estimated relative CPU usage :  1990.8%

k-eff (analog)    = 0.96675 +/- 0.00246  [0.96193  0.97158]
k-eff (implicit)  = 0.96180 +/- 0.00099  [0.95987  0.96373]

(O4) (U) (OMP=20) 
------------------------------------------------------------
------------------------------------------------------------

Serpent 2.1.30 -- Static criticality source simulation

Input file: "core" 

Active cycle   45 / 100  Source neutrons :  4854

Running time :                  0:00:38
Estimated running time :        0:01:02
Estimated running time left :   0:00:24

Estimated relative CPU usage :  1978.9%

k-eff (analog)    = 0.96629 +/- 0.00245  [0.96149  0.97109]
k-eff (implicit)  = 0.96161 +/- 0.00098  [0.95968  0.96353]

(O4) (U) (OMP=20) 
------------------------------------------------------------
------------------------------------------------------------

Serpent 2.1.30 -- Static criticality source simulation

Input file: "core" 

Active cycle   46 / 100  Source neutrons :  4971

Running time :                  0:00:38
Estimated running time :        0:01:02
Estimated running time left :   0:00:23

Estimated relative CPU usage :  1989.7%

k-eff (analog)    = 0.96574 +/- 0.00246  [0.96091  0.97056]
k-eff (implicit)  = 0.96167 +/- 0.00096  [0.95978  0.96356]

(O4) (U) (OMP=20) 
------------------------------------------------------------
------------------------------------------------------------

Serpent 2.1.30 -- Static criticality source simulation

Input file: "core" 

Active cycle   47 / 100  Source neutrons :  5005

Running time :                  0:00:39
Estimated running time :        0:01:02
Estimated running time left :   0:00:23

Estimated relative CPU usage :  2002.1%

k-eff (analog)    = 0.96522 +/- 0.00246  [0.96040  0.97005]
k-eff (implicit)  = 0.96175 +/- 0.00095  [0.95990  0.96361]

(O4) (U) (OMP=20) 
------------------------------------------------------------
------------------------------------------------------------

Serpent 2.1.30 -- Static criticality source simulation

Input file: "core" 

Active cycle   48 / 100  Source neutrons :  5253

Running time :                  0:00:39
Estimated running time :        0:01:02
Estimated running time left :   0:00:22

Estimated relative CPU usage :  1981.0%

k-eff (analog)    = 0.96572 +/- 0.00246  [0.96090  0.97055]
k-eff (implicit)  = 0.96163 +/- 0.00094  [0.95980  0.96346]

(O4) (U) (OMP=20) 
------------------------------------------------------------
------------------------------------------------------------

Serpent 2.1.30 -- Static criticality source simulation

Input file: "core" 

Active cycle   49 / 100  Source neutrons :  4729

Running time :                  0:00:40
Estimated running time :        0:01:02
Estimated running time left :   0:00:22

Estimated relative CPU usage :  1922.5%

k-eff (analog)    = 0.96511 +/- 0.00249  [0.96023  0.96998]
k-eff (implicit)  = 0.96177 +/- 0.00093  [0.95996  0.96359]

(O4) (U) (OMP=20) 
------------------------------------------------------------
------------------------------------------------------------

Serpent 2.1.30 -- Static criticality source simulation

Input file: "core" 

Active cycle   50 / 100  Source neutrons :  5146

Running time :                  0:00:40
Estimated running time :        0:01:02
Estimated running time left :   0:00:22

Estimated relative CPU usage :  1938.1%

k-eff (analog)    = 0.96506 +/- 0.00244  [0.96029  0.96984]
k-eff (implicit)  = 0.96149 +/- 0.00095  [0.95963  0.96336]

(O4) (U) (OMP=20) 
------------------------------------------------------------
------------------------------------------------------------

Serpent 2.1.30 -- Static criticality source simulation

Input file: "core" 

Active cycle   51 / 100  Source neutrons :  4897

Running time :                  0:00:41
Estimated running time :        0:01:02
Estimated running time left :   0:00:21

Estimated relative CPU usage :  1963.1%

k-eff (analog)    = 0.96463 +/- 0.00243  [0.95988  0.96939]
k-eff (implicit)  = 0.96155 +/- 0.00093  [0.95972  0.96338]

(O4) (U) (OMP=20) 
------------------------------------------------------------
------------------------------------------------------------

Serpent 2.1.30 -- Static criticality source simulation

Input file: "core" 

Active cycle   52 / 100  Source neutrons :  5151

Running time :                  0:00:41
Estimated running time :        0:01:02
Estimated running time left :   0:00:21

Estimated relative CPU usage :  1977.6%

k-eff (analog)    = 0.96477 +/- 0.00238  [0.96009  0.96944]
k-eff (implicit)  = 0.96155 +/- 0.00091  [0.95975  0.96334]

(O4) (U) (OMP=20) 
------------------------------------------------------------
------------------------------------------------------------

Serpent 2.1.30 -- Static criticality source simulation

Input file: "core" 

Active cycle   53 / 100  Source neutrons :  4913

Running time :                  0:00:42
Estimated running time :        0:01:02
Estimated running time left :   0:00:20

Estimated relative CPU usage :  1993.1%

k-eff (analog)    = 0.96458 +/- 0.00235  [0.95998  0.96918]
k-eff (implicit)  = 0.96164 +/- 0.00090  [0.95987  0.96341]

(O4) (U) (OMP=20) 
------------------------------------------------------------
------------------------------------------------------------

Serpent 2.1.30 -- Static criticality source simulation

Input file: "core" 

Active cycle   54 / 100  Source neutrons :  5110

Running time :                  0:00:42
Estimated running time :        0:01:02
Estimated running time left :   0:00:20

Estimated relative CPU usage :  1969.3%

k-eff (analog)    = 0.96478 +/- 0.00231  [0.96025  0.96931]
k-eff (implicit)  = 0.96158 +/- 0.00089  [0.95984  0.96331]

(O4) (U) (OMP=20) 
------------------------------------------------------------
------------------------------------------------------------

Serpent 2.1.30 -- Static criticality source simulation

Input file: "core" 

Active cycle   55 / 100  Source neutrons :  4899

Running time :                  0:00:42
Estimated running time :        0:01:02
Estimated running time left :   0:00:19

Estimated relative CPU usage :  2000.2%

k-eff (analog)    = 0.96462 +/- 0.00228  [0.96016  0.96908]
k-eff (implicit)  = 0.96160 +/- 0.00087  [0.95989  0.96330]

(O4) (U) (OMP=20) 
------------------------------------------------------------
------------------------------------------------------------

Serpent 2.1.30 -- Static criticality source simulation

Input file: "core" 

Active cycle   56 / 100  Source neutrons :  5126

Running time :                  0:00:43
Estimated running time :        0:01:02
Estimated running time left :   0:00:19

Estimated relative CPU usage :  1944.7%

k-eff (analog)    = 0.96490 +/- 0.00225  [0.96049  0.96931]
k-eff (implicit)  = 0.96159 +/- 0.00086  [0.95991  0.96326]

(O4) (U) (OMP=20) 
------------------------------------------------------------
------------------------------------------------------------

Serpent 2.1.30 -- Static criticality source simulation

Input file: "core" 

Active cycle   57 / 100  Source neutrons :  4914

Running time :                  0:00:43
Estimated running time :        0:01:02
Estimated running time left :   0:00:19

Estimated relative CPU usage :  1996.4%

k-eff (analog)    = 0.96487 +/- 0.00221  [0.96053  0.96920]
k-eff (implicit)  = 0.96147 +/- 0.00085  [0.95981  0.96314]

(O4) (U) (OMP=20) 
------------------------------------------------------------
------------------------------------------------------------

Serpent 2.1.30 -- Static criticality source simulation

Input file: "core" 

Active cycle   58 / 100  Source neutrons :  4992

Running time :                  0:00:44
Estimated running time :        0:01:02
Estimated running time left :   0:00:18

Estimated relative CPU usage :  1989.3%

k-eff (analog)    = 0.96481 +/- 0.00217  [0.96055  0.96907]
k-eff (implicit)  = 0.96177 +/- 0.00089  [0.96004  0.96351]

(O4) (U) (OMP=20) 
------------------------------------------------------------
------------------------------------------------------------

Serpent 2.1.30 -- Static criticality source simulation

Input file: "core" 

Active cycle   59 / 100  Source neutrons :  5091

Running time :                  0:00:44
Estimated running time :        0:01:02
Estimated running time left :   0:00:18

Estimated relative CPU usage :  1993.4%

k-eff (analog)    = 0.96506 +/- 0.00215  [0.96084  0.96927]
k-eff (implicit)  = 0.96198 +/- 0.00090  [0.96023  0.96374]

(O4) (U) (OMP=20) 
------------------------------------------------------------
------------------------------------------------------------

Serpent 2.1.30 -- Static criticality source simulation

Input file: "core" 

Active cycle   60 / 100  Source neutrons :  4929

Running time :                  0:00:45
Estimated running time :        0:01:02
Estimated running time left :   0:00:17

Estimated relative CPU usage :  1974.9%

k-eff (analog)    = 0.96506 +/- 0.00211  [0.96092  0.96920]
k-eff (implicit)  = 0.96212 +/- 0.00089  [0.96037  0.96386]

(O4) (U) (OMP=20) 
------------------------------------------------------------
------------------------------------------------------------

Serpent 2.1.30 -- Static criticality source simulation

Input file: "core" 

Active cycle   61 / 100  Source neutrons :  5081

Running time :                  0:00:45
Estimated running time :        0:01:02
Estimated running time left :   0:00:17

Estimated relative CPU usage :  1988.1%

k-eff (analog)    = 0.96532 +/- 0.00210  [0.96121  0.96943]
k-eff (implicit)  = 0.96192 +/- 0.00090  [0.96016  0.96368]

(O4) (U) (OMP=20) 
------------------------------------------------------------
------------------------------------------------------------

Serpent 2.1.30 -- Static criticality source simulation

Input file: "core" 

Active cycle   62 / 100  Source neutrons :  4945

Running time :                  0:00:46
Estimated running time :        0:01:02
Estimated running time left :   0:00:16

Estimated relative CPU usage :  1991.4%

k-eff (analog)    = 0.96540 +/- 0.00206  [0.96135  0.96944]
k-eff (implicit)  = 0.96187 +/- 0.00088  [0.96014  0.96360]

(O4) (U) (OMP=20) 
------------------------------------------------------------
------------------------------------------------------------

Serpent 2.1.30 -- Static criticality source simulation

Input file: "core" 

Active cycle   63 / 100  Source neutrons :  5090

Running time :                  0:00:46
Estimated running time :        0:01:02
Estimated running time left :   0:00:16

Estimated relative CPU usage :  1997.2%

k-eff (analog)    = 0.96575 +/- 0.00206  [0.96171  0.96979]
k-eff (implicit)  = 0.96187 +/- 0.00087  [0.96016  0.96357]

(O4) (U) (OMP=20) 
------------------------------------------------------------
------------------------------------------------------------

Serpent 2.1.30 -- Static criticality source simulation

Input file: "core" 

Active cycle   64 / 100  Source neutrons :  5042

Running time :                  0:00:46
Estimated running time :        0:01:02
Estimated running time left :   0:00:15

Estimated relative CPU usage :  1987.8%

k-eff (analog)    = 0.96622 +/- 0.00208  [0.96214  0.97030]
k-eff (implicit)  = 0.96187 +/- 0.00086  [0.96019  0.96354]

(O4) (U) (OMP=20) 
------------------------------------------------------------
------------------------------------------------------------

Serpent 2.1.30 -- Static criticality source simulation

Input file: "core" 

Active cycle   65 / 100  Source neutrons :  4716

Running time :                  0:00:47
Estimated running time :        0:01:02
Estimated running time left :   0:00:15

Estimated relative CPU usage :  1983.6%

k-eff (analog)    = 0.96581 +/- 0.00209  [0.96171  0.96990]
k-eff (implicit)  = 0.96178 +/- 0.00085  [0.96012  0.96344]

(O4) (U) (OMP=20) 
------------------------------------------------------------
------------------------------------------------------------

Serpent 2.1.30 -- Static criticality source simulation

Input file: "core" 

Active cycle   66 / 100  Source neutrons :  5175

Running time :                  0:00:47
Estimated running time :        0:01:02
Estimated running time left :   0:00:15

Estimated relative CPU usage :  2000.7%

k-eff (analog)    = 0.96590 +/- 0.00206  [0.96186  0.96994]
k-eff (implicit)  = 0.96176 +/- 0.00083  [0.96012  0.96339]

(O4) (U) (OMP=20) 
------------------------------------------------------------
------------------------------------------------------------

Serpent 2.1.30 -- Static criticality source simulation

Input file: "core" 

Active cycle   67 / 100  Source neutrons :  5033

Running time :                  0:00:48
Estimated running time :        0:01:02
Estimated running time left :   0:00:14

Estimated relative CPU usage :  1992.8%

k-eff (analog)    = 0.96609 +/- 0.00204  [0.96210  0.97009]
k-eff (implicit)  = 0.96174 +/- 0.00082  [0.96012  0.96335]

(O4) (U) (OMP=20) 
------------------------------------------------------------
------------------------------------------------------------

Serpent 2.1.30 -- Static criticality source simulation

Input file: "core" 

Active cycle   68 / 100  Source neutrons :  5013

Running time :                  0:00:48
Estimated running time :        0:01:02
Estimated running time left :   0:00:14

Estimated relative CPU usage :  1990.7%

k-eff (analog)    = 0.96631 +/- 0.00202  [0.96235  0.97027]
k-eff (implicit)  = 0.96163 +/- 0.00082  [0.96003  0.96323]

(O4) (U) (OMP=20) 
------------------------------------------------------------
------------------------------------------------------------

Serpent 2.1.30 -- Static criticality source simulation

Input file: "core" 

Active cycle   69 / 100  Source neutrons :  4769

Running time :                  0:00:49
Estimated running time :        0:01:02
Estimated running time left :   0:00:13

Estimated relative CPU usage :  1981.2%

k-eff (analog)    = 0.96587 +/- 0.00204  [0.96187  0.96987]
k-eff (implicit)  = 0.96164 +/- 0.00080  [0.96006  0.96322]

(O4) (U) (OMP=20) 
------------------------------------------------------------
------------------------------------------------------------

Serpent 2.1.30 -- Static criticality source simulation

Input file: "core" 

Active cycle   70 / 100  Source neutrons :  5285

Running time :                  0:00:49
Estimated running time :        0:01:02
Estimated running time left :   0:00:13

Estimated relative CPU usage :  1999.3%

k-eff (analog)    = 0.96620 +/- 0.00204  [0.96221  0.97020]
k-eff (implicit)  = 0.96141 +/- 0.00083  [0.95979  0.96303]

(O4) (U) (OMP=20) 
------------------------------------------------------------
------------------------------------------------------------

Serpent 2.1.30 -- Static criticality source simulation

Input file: "core" 

Active cycle   71 / 100  Source neutrons :  4833

Running time :                  0:00:49
Estimated running time :        0:01:02
Estimated running time left :   0:00:12

Estimated relative CPU usage :  1980.9%

k-eff (analog)    = 0.96606 +/- 0.00201  [0.96211  0.97001]
k-eff (implicit)  = 0.96129 +/- 0.00082  [0.95968  0.96291]

(O4) (U) (OMP=20) 
------------------------------------------------------------
------------------------------------------------------------

Serpent 2.1.30 -- Static criticality source simulation

Input file: "core" 

Active cycle   72 / 100  Source neutrons :  4962

Running time :                  0:00:50
Estimated running time :        0:01:02
Estimated running time left :   0:00:12

Estimated relative CPU usage :  1983.2%

k-eff (analog)    = 0.96582 +/- 0.00200  [0.96190  0.96974]
k-eff (implicit)  = 0.96110 +/- 0.00083  [0.95947  0.96274]

(O4) (U) (OMP=20) 
------------------------------------------------------------
------------------------------------------------------------

Serpent 2.1.30 -- Static criticality source simulation

Input file: "core" 

Active cycle   73 / 100  Source neutrons :  4887

Running time :                  0:00:50
Estimated running time :        0:01:02
Estimated running time left :   0:00:11

Estimated relative CPU usage :  1997.6%

k-eff (analog)    = 0.96530 +/- 0.00204  [0.96130  0.96930]
k-eff (implicit)  = 0.96087 +/- 0.00086  [0.95919  0.96254]

(O4) (U) (OMP=20) 
------------------------------------------------------------
------------------------------------------------------------

Serpent 2.1.30 -- Static criticality source simulation

Input file: "core" 

Active cycle   74 / 100  Source neutrons :  5226

Running time :                  0:00:51
Estimated running time :        0:01:02
Estimated running time left :   0:00:11

Estimated relative CPU usage :  1988.9%

k-eff (analog)    = 0.96535 +/- 0.00201  [0.96140  0.96930]
k-eff (implicit)  = 0.96093 +/- 0.00085  [0.95928  0.96259]

(O4) (U) (OMP=20) 
------------------------------------------------------------
------------------------------------------------------------

Serpent 2.1.30 -- Static criticality source simulation

Input file: "core" 

Active cycle   75 / 100  Source neutrons :  4878

Running time :                  0:00:51
Estimated running time :        0:01:02
Estimated running time left :   0:00:11

Estimated relative CPU usage :  2001.7%

k-eff (analog)    = 0.96509 +/- 0.00200  [0.96116  0.96902]
k-eff (implicit)  = 0.96101 +/- 0.00084  [0.95936  0.96265]

(O4) (U) (OMP=20) 
------------------------------------------------------------
------------------------------------------------------------

Serpent 2.1.30 -- Static criticality source simulation

Input file: "core" 

Active cycle   76 / 100  Source neutrons :  5067

Running time :                  0:00:52
Estimated running time :        0:01:02
Estimated running time left :   0:00:10

Estimated relative CPU usage :  1982.0%

k-eff (analog)    = 0.96500 +/- 0.00198  [0.96112  0.96888]
k-eff (implicit)  = 0.96078 +/- 0.00086  [0.95910  0.96246]

(O4) (U) (OMP=20) 
------------------------------------------------------------
------------------------------------------------------------

Serpent 2.1.30 -- Static criticality source simulation

Input file: "core" 

Active cycle   77 / 100  Source neutrons :  4771

Running time :                  0:00:52
Estimated running time :        0:01:02
Estimated running time left :   0:00:10

Estimated relative CPU usage :  1993.8%

k-eff (analog)    = 0.96434 +/- 0.00206  [0.96030  0.96838]
k-eff (implicit)  = 0.96072 +/- 0.00085  [0.95906  0.96238]

(O4) (U) (OMP=20) 
------------------------------------------------------------
------------------------------------------------------------

Serpent 2.1.30 -- Static criticality source simulation

Input file: "core" 

Active cycle   78 / 100  Source neutrons :  5218

Running time :                  0:00:52
Estimated running time :        0:01:02
Estimated running time left :   0:00:09

Estimated relative CPU usage :  1983.0%

k-eff (analog)    = 0.96421 +/- 0.00204  [0.96022  0.96821]
k-eff (implicit)  = 0.96055 +/- 0.00086  [0.95887  0.96222]

(O4) (U) (OMP=20) 
------------------------------------------------------------
------------------------------------------------------------

Serpent 2.1.30 -- Static criticality source simulation

Input file: "core" 

Active cycle   79 / 100  Source neutrons :  5074

Running time :                  0:00:53
Estimated running time :        0:01:02
Estimated running time left :   0:00:09

Estimated relative CPU usage :  1998.4%

k-eff (analog)    = 0.96427 +/- 0.00201  [0.96032  0.96821]
k-eff (implicit)  = 0.96053 +/- 0.00084  [0.95887  0.96218]

(O4) (U) (OMP=20) 
------------------------------------------------------------
------------------------------------------------------------

Serpent 2.1.30 -- Static criticality source simulation

Input file: "core" 

Active cycle   80 / 100  Source neutrons :  4970

Running time :                  0:00:53
Estimated running time :        0:01:02
Estimated running time left :   0:00:08

Estimated relative CPU usage :  1982.4%

k-eff (analog)    = 0.96425 +/- 0.00199  [0.96035  0.96815]
k-eff (implicit)  = 0.96048 +/- 0.00084  [0.95885  0.96212]

(O4) (U) (OMP=20) 
------------------------------------------------------------
------------------------------------------------------------

Serpent 2.1.30 -- Static criticality source simulation

Input file: "core" 

Active cycle   81 / 100  Source neutrons :  4915

Running time :                  0:00:54
Estimated running time :        0:01:02
Estimated running time left :   0:00:08

Estimated relative CPU usage :  1993.2%

k-eff (analog)    = 0.96403 +/- 0.00198  [0.96015  0.96790]
k-eff (implicit)  = 0.96032 +/- 0.00084  [0.95867  0.96197]

(O4) (U) (OMP=20) 
------------------------------------------------------------
------------------------------------------------------------

Serpent 2.1.30 -- Static criticality source simulation

Input file: "core" 

Active cycle   82 / 100  Source neutrons :  5057

Running time :                  0:00:54
Estimated running time :        0:01:02
Estimated running time left :   0:00:07

Estimated relative CPU usage :  1998.9%

k-eff (analog)    = 0.96394 +/- 0.00195  [0.96011  0.96777]
k-eff (implicit)  = 0.96045 +/- 0.00084  [0.95880  0.96209]

(O4) (U) (OMP=20) 
------------------------------------------------------------
------------------------------------------------------------

Serpent 2.1.30 -- Static criticality source simulation

Input file: "core" 

Active cycle   83 / 100  Source neutrons :  5044

Running time :                  0:00:55
Estimated running time :        0:01:02
Estimated running time left :   0:00:07

Estimated relative CPU usage :  1964.5%

k-eff (analog)    = 0.96396 +/- 0.00193  [0.96018  0.96774]
k-eff (implicit)  = 0.96038 +/- 0.00083  [0.95875  0.96202]

(O4) (U) (OMP=20) 
------------------------------------------------------------
------------------------------------------------------------

Serpent 2.1.30 -- Static criticality source simulation

Input file: "core" 

Active cycle   84 / 100  Source neutrons :  5158

Running time :                  0:00:55
Estimated running time :        0:01:02
Estimated running time left :   0:00:07

Estimated relative CPU usage :  1975.6%

k-eff (analog)    = 0.96434 +/- 0.00194  [0.96053  0.96815]
k-eff (implicit)  = 0.96040 +/- 0.00082  [0.95879  0.96202]

(O4) (U) (OMP=20) 
------------------------------------------------------------
------------------------------------------------------------

Serpent 2.1.30 -- Static criticality source simulation

Input file: "core" 

Active cycle   85 / 100  Source neutrons :  4999

Running time :                  0:00:56
Estimated running time :        0:01:02
Estimated running time left :   0:00:06

Estimated relative CPU usage :  1990.4%

k-eff (analog)    = 0.96471 +/- 0.00196  [0.96087  0.96855]
k-eff (implicit)  = 0.96035 +/- 0.00081  [0.95876  0.96195]

(O4) (U) (OMP=20) 
------------------------------------------------------------
------------------------------------------------------------

Serpent 2.1.30 -- Static criticality source simulation

Input file: "core" 

Active cycle   86 / 100  Source neutrons :  4823

Running time :                  0:00:56
Estimated running time :        0:01:02
Estimated running time left :   0:00:06

Estimated relative CPU usage :  1990.1%

k-eff (analog)    = 0.96466 +/- 0.00193  [0.96087  0.96845]
k-eff (implicit)  = 0.96035 +/- 0.00080  [0.95878  0.96193]

(O4) (U) (OMP=20) 
------------------------------------------------------------
------------------------------------------------------------

Serpent 2.1.30 -- Static criticality source simulation

Input file: "core" 

Active cycle   87 / 100  Source neutrons :  4856

Running time :                  0:00:56
Estimated running time :        0:01:02
Estimated running time left :   0:00:05

Estimated relative CPU usage :  1997.1%

k-eff (analog)    = 0.96430 +/- 0.00195  [0.96048  0.96811]
k-eff (implicit)  = 0.96055 +/- 0.00082  [0.95894  0.96215]

(O4) (U) (OMP=20) 
------------------------------------------------------------
------------------------------------------------------------

Serpent 2.1.30 -- Static criticality source simulation

Input file: "core" 

Active cycle   88 / 100  Source neutrons :  5180

Running time :                  0:00:57
Estimated running time :        0:01:02
Estimated running time left :   0:00:05

Estimated relative CPU usage :  1991.8%

k-eff (analog)    = 0.96432 +/- 0.00192  [0.96055  0.96809]
k-eff (implicit)  = 0.96047 +/- 0.00081  [0.95888  0.96206]

(O4) (U) (OMP=20) 
------------------------------------------------------------
------------------------------------------------------------

Serpent 2.1.30 -- Static criticality source simulation

Input file: "core" 

Active cycle   89 / 100  Source neutrons :  5051

Running time :                  0:00:57
Estimated running time :        0:01:02
Estimated running time left :   0:00:04

Estimated relative CPU usage :  1992.6%

k-eff (analog)    = 0.96446 +/- 0.00191  [0.96072  0.96820]
k-eff (implicit)  = 0.96043 +/- 0.00080  [0.95885  0.96200]

(O4) (U) (OMP=20) 
------------------------------------------------------------
------------------------------------------------------------

Serpent 2.1.30 -- Static criticality source simulation

Input file: "core" 

Active cycle   90 / 100  Source neutrons :  4782

Running time :                  0:00:58
Estimated running time :        0:01:02
Estimated running time left :   0:00:04

Estimated relative CPU usage :  1987.5%

k-eff (analog)    = 0.96412 +/- 0.00192  [0.96036  0.96787]
k-eff (implicit)  = 0.96040 +/- 0.00080  [0.95884  0.96196]

(O4) (U) (OMP=20) 
------------------------------------------------------------
------------------------------------------------------------

Serpent 2.1.30 -- Static criticality source simulation

Input file: "core" 

Active cycle   91 / 100  Source neutrons :  5190

Running time :                  0:00:58
Estimated running time :        0:01:02
Estimated running time left :   0:00:03

Estimated relative CPU usage :  1997.7%

k-eff (analog)    = 0.96417 +/- 0.00190  [0.96045  0.96789]
k-eff (implicit)  = 0.96037 +/- 0.00079  [0.95883  0.96191]

(O4) (U) (OMP=20) 
------------------------------------------------------------
------------------------------------------------------------

Serpent 2.1.30 -- Static criticality source simulation

Input file: "core" 

Active cycle   92 / 100  Source neutrons :  4911

Running time :                  0:00:59
Estimated running time :        0:01:02
Estimated running time left :   0:00:03

Estimated relative CPU usage :  1990.0%

k-eff (analog)    = 0.96404 +/- 0.00188  [0.96035  0.96773]
k-eff (implicit)  = 0.96037 +/- 0.00078  [0.95885  0.96190]

(O4) (U) (OMP=20) 
------------------------------------------------------------
------------------------------------------------------------

Serpent 2.1.30 -- Static criticality source simulation

Input file: "core" 

Active cycle   93 / 100  Source neutrons :  5118

Running time :                  0:00:59
Estimated running time :        0:01:02
Estimated running time left :   0:00:03

Estimated relative CPU usage :  1993.5%

k-eff (analog)    = 0.96415 +/- 0.00186  [0.96050  0.96780]
k-eff (implicit)  = 0.96047 +/- 0.00078  [0.95895  0.96199]

(O4) (U) (OMP=20) 
------------------------------------------------------------
------------------------------------------------------------

Serpent 2.1.30 -- Static criticality source simulation

Input file: "core" 

Active cycle   94 / 100  Source neutrons :  4942

Running time :                  0:01:00
Estimated running time :        0:01:02
Estimated running time left :   0:00:02

Estimated relative CPU usage :  1994.1%

k-eff (analog)    = 0.96414 +/- 0.00184  [0.96053  0.96775]
k-eff (implicit)  = 0.96044 +/- 0.00077  [0.95893  0.96195]

(O4) (U) (OMP=20) 
------------------------------------------------------------
------------------------------------------------------------

Serpent 2.1.30 -- Static criticality source simulation

Input file: "core" 

Active cycle   95 / 100  Source neutrons :  4936

Running time :                  0:01:00
Estimated running time :        0:01:02
Estimated running time left :   0:00:02

Estimated relative CPU usage :  1997.1%

k-eff (analog)    = 0.96400 +/- 0.00183  [0.96041  0.96759]
k-eff (implicit)  = 0.96044 +/- 0.00076  [0.95894  0.96193]

(O4) (U) (OMP=20) 
------------------------------------------------------------
------------------------------------------------------------

Serpent 2.1.30 -- Static criticality source simulation

Input file: "core" 

Active cycle   96 / 100  Source neutrons :  5217

Running time :                  0:01:00
Estimated running time :        0:01:02
Estimated running time left :   0:00:01

Estimated relative CPU usage :  1992.1%

k-eff (analog)    = 0.96429 +/- 0.00183  [0.96070  0.96789]
k-eff (implicit)  = 0.96054 +/- 0.00076  [0.95905  0.96203]

(O4) (U) (OMP=20) 
------------------------------------------------------------
------------------------------------------------------------

Serpent 2.1.30 -- Static criticality source simulation

Input file: "core" 

Active cycle   97 / 100  Source neutrons :  4860

Running time :                  0:01:01
Estimated running time :        0:01:02
Estimated running time left :   0:00:01

Estimated relative CPU usage :  1994.6%

k-eff (analog)    = 0.96429 +/- 0.00182  [0.96073  0.96785]
k-eff (implicit)  = 0.96057 +/- 0.00075  [0.95910  0.96205]

(O4) (U) (OMP=20) 
------------------------------------------------------------
------------------------------------------------------------

Serpent 2.1.30 -- Static criticality source simulation

Input file: "core" 

Active cycle   98 / 100  Source neutrons :  4934

Running time :                  0:01:01
Estimated running time :        0:01:02
Estimated running time left :   0:00:00

Estimated relative CPU usage :  1984.1%

k-eff (analog)    = 0.96416 +/- 0.00180  [0.96063  0.96769]
k-eff (implicit)  = 0.96043 +/- 0.00076  [0.95895  0.96192]

(O4) (U) (OMP=20) 
------------------------------------------------------------
------------------------------------------------------------

Serpent 2.1.30 -- Static criticality source simulation

Input file: "core" 

Active cycle   99 / 100  Source neutrons :  5005

Running time :                  0:01:02
Estimated running time :        0:01:02
Estimated running time left :   0:00:00

Estimated relative CPU usage :  2000.7%

k-eff (analog)    = 0.96404 +/- 0.00179  [0.96054  0.96755]
k-eff (implicit)  = 0.96048 +/- 0.00075  [0.95901  0.96196]

(O4) (U) (OMP=20) 
------------------------------------------------------------
------------------------------------------------------------

Serpent 2.1.30 -- Static criticality source simulation

Input file: "core" 

Active cycle  100 / 100  Source neutrons :  5148

Running time :                  0:01:02
Estimated running time :        0:01:02
Estimated running time left :   0:00:00

Estimated relative CPU usage :  1996.4%

k-eff (analog)    = 0.96421 +/- 0.00178  [0.96073  0.96769]
k-eff (implicit)  = 0.96038 +/- 0.00075  [0.95891  0.96185]

(O4) (U) (OMP=20) 
------------------------------------------------------------

Transport cycle completed in 59.7 seconds.

Calculating activities...
OK.

