 Reserving general partition A  with:   14.0 Mwords (default)
 Reserving neutron partition B1 with:    4.0 Mwords (default)
 Reserving gamma   partition B2 with:    4.0 Mwords (default)
 Total allocation                   :   18.0 Mwords (A+B1)
 CASMO library identified as E6 0200 UPDATE D
 __________________________________________________________________________________________
 * C A S M O - 4E 1.00.02 REV:00 CREATED:2012/05/08 STUDSVIK * EXECUTED 2021/12/03 20:22:11

 This source code includes the following optional modules:
      1 - CASMO-4E (CASMO-4 Extended Version).
      2 - MxN extended multi-assembly module present.
      3 - Hexagonal module present.
      4 - CLU/AGR module present.
      5 - PSC Tiff/PostScript capability active.
      6 - Azimuthal depletion model present.
      7 - FSS/FSC model present.
      8 - Extra cards present.
      9 - Pn higher order scattering model present.
     10 - DIA Rotated water hole model present.
     11 - CCR Extended C.R. model present.

       LIST OF USER FILES
       ******************
 EXECUTABLE FILE               /opt/studsvik/libexec/studsvik/casmo4e/casmo4e-u1.00.02/casmo4e.exe
 NEUTRON DATA LIBRARY FILE     /opt/studsvik/lib/studsvik/casmo4e/e60200
 GAMMA DATA LIBRARY FILE       /opt/studsvik/lib/studsvik/casmo4e/galb418
 INPUT FILE                    pwr.example.inp
 OUTPUT LIST FILE              ./pwr.example.out
 CARD IMAGE FILE (SEG1)        ./pwr.example.cax
 
 [WARNING] IN SCANIN              Input card STA is missing before END card  -  STA card added.
 [WARNING] IN INP_PIN             COO in a non-fuel pin detected -MOD is recommended for pin # 2
 [WARNING] IN INP_PIN             COO in a non-fuel pin detected -MOD is recommended for pin # 3
 [WARNING] IN INP_MIX             ID=718 detected for SPA material but Zirc default [ 7.0000E-06] for thermal expansion coeff. (C) used.
 [WARNING] IN EDTFTD              Non-default neutron data library is attached.

   ** C A S M O - 4E SUMMARY **

   GENERIC PWR MODEL - FUEL PWRU400G16 BASE AND BRANCHES
   HVOI=  0.0 HTFU=  820.5 HTMO=  554.5 HTCO=  554.5 HBOR=  600.0
   NO VOID    TFU    TMO    TCO    BOR ROD   BURNUP   K-INF   K-INF     M2     PIN   U-235 FISS PU  TOT PU
                                             MWD/KG             TWO-GROUP     PEAK    WT %    WT %    WT %
    1  0.0  820.5  554.5  554.5  600.0        0.000 1.14197 1.14153  54.92   1.138   3.916   0.000   0.000  
    2                                         0.100 1.10944 1.10923  54.51   1.135   3.904   0.002   0.002  
    3                                         0.500 1.10458 1.10440  54.45   1.132   3.856   0.020   0.020  
    4                                         1.000 1.10363 1.10346  54.44   1.129   3.798   0.046   0.047  
    5                                         1.500 1.10386 1.10369  54.44   1.126   3.741   0.072   0.073  
    6                                         2.000 1.10411 1.10393  54.45   1.123   3.684   0.095   0.099  
    7                                         2.500 1.10423 1.10406  54.46   1.120   3.629   0.118   0.123  
    8                                         3.000 1.10429 1.10412  54.47   1.117   3.574   0.140   0.147  
    9                                         3.500 1.10435 1.10418  54.48   1.114   3.521   0.162   0.171  
   10                                         4.000 1.10442 1.10425  54.49   1.111   3.468   0.182   0.193  
   11                                         4.500 1.10456 1.10439  54.51   1.107   3.416   0.201   0.215  
   12                                         5.000 1.10478 1.10461  54.52   1.104   3.365   0.220   0.237  
   13                                         5.500 1.10514 1.10497  54.54   1.100   3.314   0.238   0.258  
   14                                         6.000 1.10563 1.10546  54.57   1.098   3.264   0.256   0.278  
   15                                         6.500 1.10629 1.10612  54.59   1.095   3.215   0.273   0.298  
   16                                         7.000 1.10713 1.10694  54.62   1.092   3.167   0.289   0.318  
   17                                         7.500 1.10815 1.10796  54.65   1.089   3.119   0.305   0.337  
   18                                         8.000 1.10940 1.10920  54.69   1.086   3.071   0.320   0.355  
   19                                         8.500 1.11091 1.11070  54.73   1.082   3.025   0.334   0.374  
   20                                         9.000 1.11269 1.11246  54.78   1.079   2.979   0.348   0.391  
   21                                         9.500 1.11474 1.11450  54.82   1.076   2.933   0.362   0.408  
   22                                        10.000 1.11700 1.11675  54.88   1.072   2.888   0.375   0.425  
   23                                        10.500 1.11928 1.11900  54.93   1.069   2.844   0.388   0.442  
   24                                        11.000 1.12120 1.12090  54.98   1.065   2.800   0.400   0.458  
   25                                        11.500 1.12242 1.12211  55.01   1.062   2.757   0.412   0.473  
   26                                        12.000 1.12278 1.12245  55.04   1.060   2.714   0.423   0.488  
   27                                        12.500 1.12212 1.12180  55.05   1.058   2.672   0.434   0.503  
   28                                        13.000 1.12037 1.12005  55.05   1.057   2.630   0.444   0.518  
   29                                        13.500 1.11765 1.11735  55.04   1.057   2.589   0.455   0.532  
   30                                        14.000 1.11421 1.11392  55.02   1.057   2.548   0.465   0.546  
   31                                        14.500 1.11032 1.11005  54.99   1.056   2.507   0.474   0.560  
   32                                        15.000 1.10617 1.10592  54.96   1.056   2.467   0.484   0.573  
   33                                        17.500 1.08472 1.08456  54.79   1.053   2.274   0.527   0.638  
   34                                        20.000 1.06378 1.06369  54.64   1.051   2.093   0.565   0.697  
   35                                        22.500 1.04358 1.04354  54.49   1.048   1.921   0.597   0.751  
   36                                        25.000 1.02395 1.02394  54.36   1.045   1.760   0.625   0.800  
   37                                        27.500 1.00481 1.00481  54.23   1.042   1.608   0.648   0.846  
   38                                        30.000 0.98611 0.98611  54.11   1.040   1.466   0.668   0.888  
   39                                        32.500 0.96786 0.96784  54.00   1.037   1.332   0.685   0.927  
   40                                        35.000 0.95003 0.94998  53.89   1.034   1.207   0.698   0.963  
   41                                        37.500 0.93263 0.93253  53.79   1.032   1.091   0.709   0.995  
   42                                        40.000 0.91570 0.91556  53.69   1.030   0.983   0.718   1.026  
   43                                        42.500 0.89934 0.89913  53.60   1.027   0.883   0.724   1.053  
   44                                        45.000 0.88353 0.88325  53.51   1.026   0.790   0.729   1.079  
   45                                        47.500 0.86829 0.86793  53.43   1.024   0.705   0.732   1.103  
   46                                        50.000 0.85367 0.85322  53.35   1.023   0.627   0.734   1.125  
   47                                        52.500 0.83968 0.83915  53.28   1.022   0.556   0.735   1.145  
   48                                        55.000 0.82638 0.82575  53.22   1.021   0.492   0.735   1.164  
   49                                        57.500 0.81379 0.81307  53.16   1.021   0.433   0.734   1.182  
   50                                        60.000 0.80194 0.80112  53.10   1.021   0.381   0.733   1.199  


 RUN TERMINATED.  5  WARNING(S) ENCOUNTERED
   0  FATAL ERROR(S),     5  WARNING(S)
   0  USAGE NOTE(S),      0  CAUTION(S)


                   Neutron Calculation                         
 Memory Use        Allocated       Used                         
 A Array            14000000    3847824
 B Array             4000000     130121
                    --------    -------
 Total Words        18000000    3977945
 Total Mwords           18.0        4.0
 Total Mbytes           72.0       15.9

 Run Started     (Date,Time):  2021/12/03   20:22:11  
 Run Completed   (Date,Time):  2021/12/03   20:22:54  
 Total Wall Time Used       :               00:00:43
 Total CPU  Time Used       :               00:00:38   CPU Utilization:   88%
 Files:
 Input                      :  pwr.example.inp
 Output                     :  ./pwr.example.out
 Card Image                 :  ./pwr.example.cax
 *********************************
 *  CASMO-4E NORMAL TERMINATION  *
 *     -WARNINGS ENCOUNTERED-    *
 *********************************
C-4E Complete....
