 Reserving general partition A  with:   14.0 Mwords (default)
 Reserving neutron partition B1 with:    4.0 Mwords (default)
 Reserving gamma   partition B2 with:    4.0 Mwords (default)
 Total allocation                   :   18.0 Mwords (A+B1)
 CASMO library identified as E6 0200 UPDATE D
 __________________________________________________________________________________________
 * C A S M O - 4E 1.00.02 REV:00 CREATED:2012/05/08 STUDSVIK * EXECUTED 2021/12/03 19:51:21

 This source code includes the following optional modules:
      1 - CASMO-4E (CASMO-4 Extended Version).
      2 - MxN extended multi-assembly module present.
      3 - Hexagonal module present.
      4 - CLU/AGR module present.
      5 - PSC Tiff/PostScript capability active.
      6 - Azimuthal depletion model present.
      7 - FSS/FSC model present.
      8 - Extra cards present.
      9 - Pn higher order scattering model present.
     10 - DIA Rotated water hole model present.
     11 - CCR Extended C.R. model present.

       LIST OF USER FILES
       ******************
 EXECUTABLE FILE               /opt/studsvik/libexec/studsvik/casmo4e/casmo4e-u1.00.02/casmo4e.exe
 NEUTRON DATA LIBRARY FILE     /opt/studsvik/lib/studsvik/casmo4e/e60200
 GAMMA DATA LIBRARY FILE       /opt/studsvik/lib/studsvik/casmo4e/galb418
 INPUT FILE                    bwr.example.inp
 OUTPUT LIST FILE              ./bwr.example.out
 CARD IMAGE FILE (SEG1)        ./bwr.example.cax
 
 [WARNING] IN SCANIN              Input card STA is missing before END card  -  STA card added.
 [WARNING] IN INP_MIX             ID=750 detected for SPA material but Zirc default [ 7.0000E-06] for thermal expansion coeff. (C) used.
 [WARNING] IN INP_MIX             ID=750 detected for SPA material but Zirc default [ 6.550] for SPA density (D') used.
 [WARNING] IN EDTFTD              Non-default neutron data library is attached.

   ** C A S M O - 4E SUMMARY **

   GENERIC BWR MODEL  - FUEL BWRU296-4G3
   HVOI=  0.0 HTFU=  788.6 HTMO=  560.0 HTCO=  560.0 HBOR=    0.0
   NO VOID    TFU    TMO    TCO    BOR ROD   BURNUP   K-INF   K-INF     M2     PIN   U-235 FISS PU  TOT PU
                                             MWD/KG             TWO-GROUP     PEAK    WT %    WT %    WT %
    1  0.0  788.6  560.0  560.0    0.0        0.000 1.14000 1.13963  61.19   1.123   2.962   0.000   0.000  
    2                                         0.100 1.10873 1.10854  60.74   1.122   2.950   0.002   0.002  
    3                                         0.500 1.10681 1.10663  60.71   1.119   2.903   0.020   0.021  
    4                                         1.000 1.11231 1.11212  60.79   1.113   2.846   0.043   0.044  
    5                                         1.500 1.12022 1.12000  60.92   1.106   2.790   0.065   0.067  
    6                                         2.000 1.12855 1.12830  61.05   1.099   2.735   0.085   0.089  
    7                                         2.500 1.13736 1.13707  61.19   1.092   2.681   0.104   0.110  
    8                                         3.000 1.14724 1.14689  61.36   1.083   2.628   0.122   0.130  
    9                                         3.500 1.15823 1.15782  61.54   1.075   2.575   0.139   0.149  
   10                                         4.000 1.17027 1.16977  61.74   1.066   2.524   0.154   0.168  
   11                                         4.500 1.18279 1.18219  61.95   1.057   2.474   0.169   0.186  
   12                                         5.000 1.19349 1.19279  62.13   1.048   2.424   0.183   0.203  
   13                                         5.500 1.19999 1.19922  62.26   1.042   2.375   0.196   0.219  
   14                                         6.000 1.20192 1.20113  62.31   1.037   2.327   0.209   0.235  
   15                                         6.500 1.19993 1.19915  62.32   1.034   2.280   0.221   0.251  
   16                                         7.000 1.19549 1.19474  62.29   1.033   2.233   0.232   0.266  
   17                                         7.500 1.18988 1.18917  62.25   1.032   2.187   0.243   0.280  
   18                                        10.000 1.15860 1.15811  62.00   1.028   1.966   0.291   0.348  
   19                                        12.500 1.12771 1.12739  61.79   1.031   1.761   0.329   0.408  
   20                                        15.000 1.09734 1.09716  61.59   1.036   1.569   0.359   0.461  
   21                                        17.500 1.06739 1.06730  61.41   1.040   1.392   0.383   0.509  
   22                                        20.000 1.03782 1.03779  61.25   1.044   1.227   0.402   0.551  
   23                                        22.500 1.00866 1.00866  61.09   1.048   1.075   0.416   0.590  
   24                                        25.000 0.97998 0.97997  60.95   1.050   0.935   0.427   0.625  
   25                                        27.500 0.95190 0.95186  60.81   1.050   0.808   0.434   0.656  
   26                                        30.000 0.92462 0.92451  60.68   1.050   0.692   0.438   0.684  
   27                                        32.500 0.89835 0.89815  60.55   1.052   0.589   0.441   0.710  
   28                                        35.000 0.87332 0.87301  60.44   1.051   0.496   0.442   0.734  
   29                                        37.500 0.84974 0.84929  60.33   1.050   0.415   0.441   0.756  
   30                                        40.000 0.82780 0.82722  60.23   1.046   0.344   0.440   0.777  
   31                                        42.500 0.80766 0.80693  60.14   1.041   0.282   0.439   0.796  
   32                                        45.000 0.78940 0.78853  60.06   1.035   0.230   0.437   0.814  
   33                                        47.500 0.77307 0.77205  59.98   1.052   0.186   0.435   0.831  
   34                                        50.000 0.75864 0.75750  59.92   1.068   0.150   0.433   0.847  
   35                                        52.500 0.74603 0.74477  59.86   1.082   0.120   0.431   0.862  
   36                                        55.000 0.73511 0.73374  59.81   1.095   0.096   0.429   0.876  
   37                                        57.500 0.72570 0.72424  59.76   1.106   0.076   0.427   0.890  
   38                                        60.000 0.71763 0.71609  59.73   1.115   0.060   0.426   0.903  


 RUN TERMINATED.  4  WARNING(S) ENCOUNTERED
   0  FATAL ERROR(S),     4  WARNING(S)
   0  USAGE NOTE(S),      0  CAUTION(S)


                   Neutron Calculation                         
 Memory Use        Allocated       Used                         
 A Array            14000000    4325734
 B Array             4000000     216310
                    --------    -------
 Total Words        18000000    4542044
 Total Mwords           18.0        4.5
 Total Mbytes           72.0       18.2

 Run Started     (Date,Time):  2021/12/03   19:51:21  
 Run Completed   (Date,Time):  2021/12/03   19:52:22  
 Total Wall Time Used       :               00:01:01
 Total CPU  Time Used       :               00:00:55   CPU Utilization:   90%
 Files:
 Input                      :  bwr.example.inp
 Output                     :  ./bwr.example.out
 Card Image                 :  ./bwr.example.cax
 *********************************
 *  CASMO-4E NORMAL TERMINATION  *
 *     -WARNINGS ENCOUNTERED-    *
 *********************************
C-4E Complete....
